{"/home/travis/build/npmtest/node-npmtest-homebridge-homeassistant/test.js":{"path":"/home/travis/build/npmtest/node-npmtest-homebridge-homeassistant/test.js","s":{"1":2,"2":2,"3":2,"4":2,"5":2,"6":2,"7":2,"8":1,"9":2,"10":2,"11":1,"12":1,"13":1,"14":1,"15":2,"16":2,"17":2,"18":2,"19":1,"20":1,"21":2,"22":2,"23":2,"24":1,"25":1,"26":1,"27":1,"28":1,"29":1,"30":1,"31":1,"32":1,"33":1,"34":1,"35":1,"36":1,"37":2,"38":2,"39":1,"40":2,"41":2,"42":1,"43":2,"44":2,"45":1,"46":2,"47":2,"48":1,"49":1,"50":1,"51":1,"52":1},"b":{"1":[2,1,1,1],"2":[1,1,1,1],"3":[1,1],"4":[1,1],"5":[1,1],"6":[1,1],"7":[1,1],"8":[1,1],"9":[1,1,1],"10":[1,1],"11":[1,1],"12":[1,1],"13":[1,1],"14":[1,1],"15":[1,1],"16":[1,1]},"f":{"1":2,"2":2,"3":2,"4":2,"5":2,"6":1,"7":1,"8":2,"9":2,"10":2,"11":2,"12":1},"fnMap":{"1":{"name":"(anonymous_1)","line":12,"loc":{"start":{"line":12,"column":1},"end":{"line":12,"column":13}}},"2":{"name":"(anonymous_2)","line":19,"loc":{"start":{"line":19,"column":5},"end":{"line":19,"column":17}}},"3":{"name":"(anonymous_3)","line":23,"loc":{"start":{"line":23,"column":24},"end":{"line":23,"column":36}}},"4":{"name":"(anonymous_4)","line":61,"loc":{"start":{"line":61,"column":5},"end":{"line":61,"column":17}}},"5":{"name":"(anonymous_5)","line":82,"loc":{"start":{"line":82,"column":5},"end":{"line":82,"column":17}}},"6":{"name":"(anonymous_6)","line":102,"loc":{"start":{"line":102,"column":83},"end":{"line":105,"column":10}},"skip":true},"7":{"name":"(anonymous_7)","line":113,"loc":{"start":{"line":113,"column":77},"end":{"line":116,"column":10}},"skip":true},"8":{"name":"(anonymous_8)","line":129,"loc":{"start":{"line":129,"column":12},"end":{"line":129,"column":40}},"skip":true},"9":{"name":"(anonymous_9)","line":137,"loc":{"start":{"line":137,"column":77},"end":{"line":140,"column":10}},"skip":true},"10":{"name":"(anonymous_10)","line":148,"loc":{"start":{"line":148,"column":83},"end":{"line":151,"column":10}},"skip":true},"11":{"name":"(anonymous_11)","line":159,"loc":{"start":{"line":159,"column":79},"end":{"line":162,"column":10}},"skip":true},"12":{"name":"(anonymous_12)","line":170,"loc":{"start":{"line":170,"column":75},"end":{"line":173,"column":10}},"skip":true}},"statementMap":{"1":{"start":{"line":12,"column":0},"end":{"line":185,"column":5}},"2":{"start":{"line":14,"column":4},"end":{"line":14,"column":14}},"3":{"start":{"line":19,"column":4},"end":{"line":56,"column":9}},"4":{"start":{"line":21,"column":8},"end":{"line":21,"column":19}},"5":{"start":{"line":23,"column":8},"end":{"line":35,"column":13}},"6":{"start":{"line":24,"column":12},"end":{"line":34,"column":13}},"7":{"start":{"line":25,"column":16},"end":{"line":28,"column":30}},"8":{"start":{"line":30,"column":16},"end":{"line":33,"column":27}},"9":{"start":{"line":37,"column":8},"end":{"line":39,"column":21}},"10":{"start":{"line":40,"column":8},"end":{"line":53,"column":9}},"11":{"start":{"line":43,"column":12},"end":{"line":46,"column":14}},"12":{"start":{"line":47,"column":12},"end":{"line":47,"column":18}},"13":{"start":{"line":50,"column":12},"end":{"line":51,"column":46}},"14":{"start":{"line":52,"column":12},"end":{"line":52,"column":18}},"15":{"start":{"line":55,"column":8},"end":{"line":55,"column":35}},"16":{"start":{"line":61,"column":4},"end":{"line":63,"column":9}},"17":{"start":{"line":62,"column":8},"end":{"line":62,"column":15}},"18":{"start":{"line":64,"column":4},"end":{"line":77,"column":5}},"19":{"start":{"line":70,"column":8},"end":{"line":70,"column":14}},"20":{"start":{"line":76,"column":8},"end":{"line":76,"column":14}},"21":{"start":{"line":82,"column":4},"end":{"line":84,"column":9}},"22":{"start":{"line":83,"column":8},"end":{"line":83,"column":15}},"23":{"start":{"line":85,"column":4},"end":{"line":184,"column":5}},"24":{"start":{"line":92,"column":8},"end":{"line":94,"column":63}},"25":{"start":{"line":95,"column":8},"end":{"line":95,"column":14}},"26":{"start":{"line":102,"column":8},"end":{"line":111,"column":10},"skip":true},"27":{"start":{"line":109,"column":12},"end":{"line":109,"column":55},"skip":true},"28":{"start":{"line":110,"column":12},"end":{"line":110,"column":48},"skip":true},"29":{"start":{"line":113,"column":8},"end":{"line":126,"column":10},"skip":true},"30":{"start":{"line":120,"column":12},"end":{"line":120,"column":76},"skip":true},"31":{"start":{"line":121,"column":12},"end":{"line":121,"column":73},"skip":true},"32":{"start":{"line":122,"column":12},"end":{"line":122,"column":74},"skip":true},"33":{"start":{"line":123,"column":12},"end":{"line":123,"column":79},"skip":true},"34":{"start":{"line":124,"column":12},"end":{"line":124,"column":25},"skip":true},"35":{"start":{"line":125,"column":12},"end":{"line":125,"column":45},"skip":true},"36":{"start":{"line":128,"column":8},"end":{"line":135,"column":14},"skip":true},"37":{"start":{"line":133,"column":16},"end":{"line":133,"column":29},"skip":true},"38":{"start":{"line":134,"column":16},"end":{"line":134,"column":55},"skip":true},"39":{"start":{"line":137,"column":8},"end":{"line":146,"column":10},"skip":true},"40":{"start":{"line":144,"column":12},"end":{"line":144,"column":25},"skip":true},"41":{"start":{"line":145,"column":12},"end":{"line":145,"column":45},"skip":true},"42":{"start":{"line":148,"column":8},"end":{"line":157,"column":10},"skip":true},"43":{"start":{"line":155,"column":12},"end":{"line":155,"column":25},"skip":true},"44":{"start":{"line":156,"column":12},"end":{"line":156,"column":48},"skip":true},"45":{"start":{"line":159,"column":8},"end":{"line":168,"column":10},"skip":true},"46":{"start":{"line":166,"column":12},"end":{"line":166,"column":25},"skip":true},"47":{"start":{"line":167,"column":12},"end":{"line":167,"column":46},"skip":true},"48":{"start":{"line":170,"column":8},"end":{"line":179,"column":10},"skip":true},"49":{"start":{"line":177,"column":12},"end":{"line":177,"column":94},"skip":true},"50":{"start":{"line":178,"column":12},"end":{"line":178,"column":48},"skip":true},"51":{"start":{"line":182,"column":8},"end":{"line":182,"column":35},"skip":true},"52":{"start":{"line":183,"column":8},"end":{"line":183,"column":14},"skip":true}},"branchMap":{"1":{"line":25,"type":"binary-expr","locations":[{"start":{"line":25,"column":23},"end":{"line":25,"column":62}},{"start":{"line":26,"column":20},"end":{"line":26,"column":70}},{"start":{"line":27,"column":20},"end":{"line":27,"column":71}},{"start":{"line":28,"column":20},"end":{"line":28,"column":29}}]},"2":{"line":30,"type":"binary-expr","locations":[{"start":{"line":30,"column":23},"end":{"line":30,"column":37}},{"start":{"line":31,"column":20},"end":{"line":31,"column":61}},{"start":{"line":32,"column":20},"end":{"line":32,"column":70}},{"start":{"line":33,"column":20},"end":{"line":33,"column":26}}]},"3":{"line":37,"type":"cond-expr","locations":[{"start":{"line":38,"column":14},"end":{"line":38,"column":20}},{"start":{"line":39,"column":14},"end":{"line":39,"column":20}}]},"4":{"line":40,"type":"switch","locations":[{"start":{"line":42,"column":8},"end":{"line":47,"column":18}},{"start":{"line":49,"column":8},"end":{"line":52,"column":18}}]},"5":{"line":44,"type":"binary-expr","locations":[{"start":{"line":44,"column":16},"end":{"line":44,"column":44}},{"start":{"line":44,"column":48},"end":{"line":44,"column":66}}]},"6":{"line":50,"type":"binary-expr","locations":[{"start":{"line":50,"column":21},"end":{"line":50,"column":49}},{"start":{"line":50,"column":53},"end":{"line":50,"column":72}}]},"7":{"line":64,"type":"switch","locations":[{"start":{"line":69,"column":4},"end":{"line":70,"column":14}},{"start":{"line":75,"column":4},"end":{"line":76,"column":14}}]},"8":{"line":85,"type":"switch","locations":[{"start":{"line":90,"column":4},"end":{"line":95,"column":14}},{"start":{"line":101,"column":4},"end":{"line":183,"column":14},"skip":true}]},"9":{"line":92,"type":"binary-expr","locations":[{"start":{"line":92,"column":18},"end":{"line":92,"column":32}},{"start":{"line":93,"column":12},"end":{"line":93,"column":53}},{"start":{"line":94,"column":12},"end":{"line":94,"column":61}}]},"10":{"line":102,"type":"binary-expr","locations":[{"start":{"line":102,"column":45},"end":{"line":102,"column":79},"skip":true},{"start":{"line":102,"column":83},"end":{"line":111,"column":9},"skip":true}]},"11":{"line":113,"type":"binary-expr","locations":[{"start":{"line":113,"column":42},"end":{"line":113,"column":73},"skip":true},{"start":{"line":113,"column":77},"end":{"line":126,"column":9},"skip":true}]},"12":{"line":128,"type":"binary-expr","locations":[{"start":{"line":128,"column":48},"end":{"line":128,"column":85},"skip":true},{"start":{"line":129,"column":12},"end":{"line":135,"column":13},"skip":true}]},"13":{"line":137,"type":"binary-expr","locations":[{"start":{"line":137,"column":42},"end":{"line":137,"column":73},"skip":true},{"start":{"line":137,"column":77},"end":{"line":146,"column":9},"skip":true}]},"14":{"line":148,"type":"binary-expr","locations":[{"start":{"line":148,"column":45},"end":{"line":148,"column":79},"skip":true},{"start":{"line":148,"column":83},"end":{"line":157,"column":9},"skip":true}]},"15":{"line":159,"type":"binary-expr","locations":[{"start":{"line":159,"column":43},"end":{"line":159,"column":75},"skip":true},{"start":{"line":159,"column":79},"end":{"line":168,"column":9},"skip":true}]},"16":{"line":170,"type":"binary-expr","locations":[{"start":{"line":170,"column":41},"end":{"line":170,"column":71},"skip":true},{"start":{"line":170,"column":75},"end":{"line":179,"column":9},"skip":true}]}},"code":["/* istanbul instrument in package npmtest_homebridge_homeassistant */","/*jslint","    bitwise: true,","    browser: true,","    maxerr: 8,","    maxlen: 96,","    node: true,","    nomen: true,","    regexp: true,","    stupid: true","*/","(function () {","    'use strict';","    var local;","","","","    // run shared js-env code - pre-init","    (function () {","        // init local","        local = {};","        // init modeJs","        local.modeJs = (function () {","            try {","                return typeof navigator.userAgent === 'string' &&","                    typeof document.querySelector('body') === 'object' &&","                    typeof XMLHttpRequest.prototype.open === 'function' &&","                    'browser';","            } catch (errorCaughtBrowser) {","                return module.exports &&","                    typeof process.versions.node === 'string' &&","                    typeof require('http').createServer === 'function' &&","                    'node';","            }","        }());","        // init global","        local.global = local.modeJs === 'browser'","            ? window","            : global;","        switch (local.modeJs) {","        // re-init local from window.local","        case 'browser':","            local = local.global.utility2.objectSetDefault(","                local.global.utility2_rollup || local.global.local,","                local.global.utility2","            );","            break;","        // re-init local from example.js","        case 'node':","            local = (local.global.utility2_rollup || require('utility2'))","                .requireExampleJsFromReadme();","            break;","        }","        // export local","        local.global.local = local;","    }());","","","","    // run shared js-env code - function","    (function () {","        return;","    }());","    switch (local.modeJs) {","","","","    // run browser js-env code - function","    case 'browser':","        break;","","","","    // run node js-env code - function","    case 'node':","        break;","    }","","","","    // run shared js-env code - post-init","    (function () {","        return;","    }());","    switch (local.modeJs) {","","","","    // run browser js-env code - post-init","    case 'browser':","        // run tests","        local.nop(local.modeTest &&","            document.querySelector('#testRunButton1') &&","            document.querySelector('#testRunButton1').click());","        break;","","","","    // run node js-env code - post-init","    /* istanbul ignore next */","    case 'node':","        local.testCase_buildApidoc_default = local.testCase_buildApidoc_default || function (","            options,","            onError","        ) {","        /*","         * this function will test buildApidoc's default handling-behavior-behavior","         */","            options = { modulePathList: module.paths };","            local.buildApidoc(options, onError);","        };","","        local.testCase_buildApp_default = local.testCase_buildApp_default || function (","            options,","            onError","        ) {","        /*","         * this function will test buildApp's default handling-behavior-behavior","         */","            local.testCase_buildReadme_default(options, local.onErrorThrow);","            local.testCase_buildLib_default(options, local.onErrorThrow);","            local.testCase_buildTest_default(options, local.onErrorThrow);","            local.testCase_buildCustomOrg_default(options, local.onErrorThrow);","            options = [];","            local.buildApp(options, onError);","        };","","        local.testCase_buildCustomOrg_default = local.testCase_buildCustomOrg_default ||","            function (options, onError) {","            /*","             * this function will test buildCustomOrg's default handling-behavior","             */","                options = {};","                local.buildCustomOrg(options, onError);","            };","","        local.testCase_buildLib_default = local.testCase_buildLib_default || function (","            options,","            onError","        ) {","        /*","         * this function will test buildLib's default handling-behavior","         */","            options = {};","            local.buildLib(options, onError);","        };","","        local.testCase_buildReadme_default = local.testCase_buildReadme_default || function (","            options,","            onError","        ) {","        /*","         * this function will test buildReadme's default handling-behavior-behavior","         */","            options = {};","            local.buildReadme(options, onError);","        };","","        local.testCase_buildTest_default = local.testCase_buildTest_default || function (","            options,","            onError","        ) {","        /*","         * this function will test buildTest's default handling-behavior","         */","            options = {};","            local.buildTest(options, onError);","        };","","        local.testCase_webpage_default = local.testCase_webpage_default || function (","            options,","            onError","        ) {","        /*","         * this function will test webpage's default handling-behavior","         */","            options = { modeCoverageMerge: true, url: local.serverLocalHost + '?modeTest=1' };","            local.browserTest(options, onError);","        };","","        // run test-server","        local.testRunServer(local);","        break;","    }","}());",""],"l":{"12":2,"14":2,"19":2,"21":2,"23":2,"24":2,"25":2,"30":1,"37":2,"40":2,"43":1,"47":1,"50":1,"52":1,"55":2,"61":2,"62":2,"64":2,"70":1,"76":1,"82":2,"83":2,"85":2,"92":1,"95":1,"102":1,"109":1,"110":1,"113":1,"120":1,"121":1,"122":1,"123":1,"124":1,"125":1,"128":1,"133":2,"134":2,"137":1,"144":2,"145":2,"148":1,"155":2,"156":2,"159":1,"166":2,"167":2,"170":1,"177":1,"178":1,"182":1,"183":1}},"/home/travis/build/npmtest/node-npmtest-homebridge-homeassistant/lib.npmtest_homebridge_homeassistant.js":{"path":"/home/travis/build/npmtest/node-npmtest-homebridge-homeassistant/lib.npmtest_homebridge_homeassistant.js","s":{"1":2,"2":2,"3":2,"4":2,"5":2,"6":2,"7":2,"8":1,"9":2,"10":2,"11":2,"12":2,"13":1,"14":1,"15":1,"16":1},"b":{"1":[2,1,1,1],"2":[1,1,1,1],"3":[1,1],"4":[2,2],"5":[1,1]},"f":{"1":2,"2":2,"3":2},"fnMap":{"1":{"name":"(anonymous_1)","line":12,"loc":{"start":{"line":12,"column":1},"end":{"line":12,"column":13}}},"2":{"name":"(anonymous_2)","line":19,"loc":{"start":{"line":19,"column":5},"end":{"line":19,"column":17}}},"3":{"name":"(anonymous_3)","line":23,"loc":{"start":{"line":23,"column":24},"end":{"line":23,"column":36}}}},"statementMap":{"1":{"start":{"line":12,"column":0},"end":{"line":53,"column":5}},"2":{"start":{"line":14,"column":4},"end":{"line":14,"column":14}},"3":{"start":{"line":19,"column":4},"end":{"line":52,"column":9}},"4":{"start":{"line":21,"column":8},"end":{"line":21,"column":19}},"5":{"start":{"line":23,"column":8},"end":{"line":35,"column":13}},"6":{"start":{"line":24,"column":12},"end":{"line":34,"column":13}},"7":{"start":{"line":25,"column":16},"end":{"line":28,"column":30}},"8":{"start":{"line":30,"column":16},"end":{"line":33,"column":27}},"9":{"start":{"line":37,"column":8},"end":{"line":39,"column":21}},"10":{"start":{"line":41,"column":8},"end":{"line":41,"column":54}},"11":{"start":{"line":43,"column":8},"end":{"line":43,"column":69}},"12":{"start":{"line":45,"column":8},"end":{"line":51,"column":9}},"13":{"start":{"line":46,"column":12},"end":{"line":46,"column":75}},"14":{"start":{"line":48,"column":12},"end":{"line":48,"column":35}},"15":{"start":{"line":49,"column":12},"end":{"line":49,"column":49}},"16":{"start":{"line":50,"column":12},"end":{"line":50,"column":43}}},"branchMap":{"1":{"line":25,"type":"binary-expr","locations":[{"start":{"line":25,"column":23},"end":{"line":25,"column":62}},{"start":{"line":26,"column":20},"end":{"line":26,"column":70}},{"start":{"line":27,"column":20},"end":{"line":27,"column":71}},{"start":{"line":28,"column":20},"end":{"line":28,"column":29}}]},"2":{"line":30,"type":"binary-expr","locations":[{"start":{"line":30,"column":23},"end":{"line":30,"column":37}},{"start":{"line":31,"column":20},"end":{"line":31,"column":61}},{"start":{"line":32,"column":20},"end":{"line":32,"column":70}},{"start":{"line":33,"column":20},"end":{"line":33,"column":26}}]},"3":{"line":37,"type":"cond-expr","locations":[{"start":{"line":38,"column":14},"end":{"line":38,"column":20}},{"start":{"line":39,"column":14},"end":{"line":39,"column":20}}]},"4":{"line":41,"type":"binary-expr","locations":[{"start":{"line":41,"column":16},"end":{"line":41,"column":44}},{"start":{"line":41,"column":48},"end":{"line":41,"column":53}}]},"5":{"line":45,"type":"if","locations":[{"start":{"line":45,"column":8},"end":{"line":45,"column":8}},{"start":{"line":45,"column":8},"end":{"line":45,"column":8}}]}},"code":["/* istanbul instrument in package npmtest_homebridge_homeassistant */","/*jslint","    bitwise: true,","    browser: true,","    maxerr: 8,","    maxlen: 96,","    node: true,","    nomen: true,","    regexp: true,","    stupid: true","*/","(function () {","    'use strict';","    var local;","","","","    // run shared js-env code - pre-init","    (function () {","        // init local","        local = {};","        // init modeJs","        local.modeJs = (function () {","            try {","                return typeof navigator.userAgent === 'string' &&","                    typeof document.querySelector('body') === 'object' &&","                    typeof XMLHttpRequest.prototype.open === 'function' &&","                    'browser';","            } catch (errorCaughtBrowser) {","                return module.exports &&","                    typeof process.versions.node === 'string' &&","                    typeof require('http').createServer === 'function' &&","                    'node';","            }","        }());","        // init global","        local.global = local.modeJs === 'browser'","            ? window","            : global;","        // init utility2_rollup","        local = local.global.utility2_rollup || local;","        // init lib","        local.local = local.npmtest_homebridge_homeassistant = local;","        // init exports","        if (local.modeJs === 'browser') {","            local.global.utility2_npmtest_homebridge_homeassistant = local;","        } else {","            module.exports = local;","            module.exports.__dirname = __dirname;","            module.exports.module = module;","        }","    }());","}());",""],"l":{"12":2,"14":2,"19":2,"21":2,"23":2,"24":2,"25":2,"30":1,"37":2,"41":2,"43":2,"45":2,"46":1,"48":1,"49":1,"50":1}},"/home/travis/build/npmtest/node-npmtest-homebridge-homeassistant/example.js":{"path":"/home/travis/build/npmtest/node-npmtest-homebridge-homeassistant/example.js","s":{"1":2,"2":2,"3":2,"4":2,"5":2,"6":2,"7":2,"8":1,"9":2,"10":2,"11":2,"12":2,"13":1,"14":2,"15":2,"16":2,"17":2,"18":2,"19":0,"20":2,"21":1,"22":1,"23":1,"24":1,"25":1,"26":0,"27":0,"28":1,"29":1,"30":2,"31":0,"32":0,"33":0,"34":1,"35":2,"36":2,"37":2,"38":2,"39":2,"40":2,"41":0,"42":2,"43":2,"44":2,"45":1,"46":3,"47":1,"48":1,"49":1,"50":1,"51":1,"52":1,"53":1,"54":1,"55":1,"56":1,"57":0,"58":1,"59":6,"60":6,"61":1,"62":2,"63":0,"64":2,"65":1,"66":1,"67":0,"68":0,"69":0,"70":0,"71":0,"72":0,"73":0,"74":0,"75":0,"76":0,"77":0,"78":0,"79":0,"80":0,"81":0,"82":0,"83":0},"b":{"1":[2,1,1,1],"2":[1,1,1,1],"3":[1,1],"4":[2,2],"5":[1,1],"6":[1,1],"7":[2,0],"8":[2,1,1,1,1,1],"9":[0,2,0],"10":[1,1],"11":[2,1,1],"12":[1,0],"13":[0,2],"14":[2,0,0,0,0,0,0],"15":[0,2],"16":[2,0],"17":[1,1],"18":[0,1],"19":[1,2,0,2],"20":[1,0],"21":[1,1],"22":[0,0],"23":[0,0],"24":[0,0],"25":[0,0],"26":[0,0],"27":[0,0],"28":[0,0]},"f":{"1":2,"2":2,"3":2,"4":2,"5":2,"6":2,"7":2,"8":2,"9":3,"10":1,"11":6,"12":0},"fnMap":{"1":{"name":"(anonymous_1)","line":26,"loc":{"start":{"line":26,"column":1},"end":{"line":26,"column":13}}},"2":{"name":"(anonymous_2)","line":33,"loc":{"start":{"line":33,"column":5},"end":{"line":33,"column":17}}},"3":{"name":"(anonymous_3)","line":37,"loc":{"start":{"line":37,"column":24},"end":{"line":37,"column":36}}},"4":{"name":"(anonymous_4)","line":69,"loc":{"start":{"line":69,"column":31},"end":{"line":69,"column":48}},"skip":true},"5":{"name":"(anonymous_5)","line":78,"loc":{"start":{"line":78,"column":26},"end":{"line":78,"column":45}},"skip":true},"6":{"name":"(anonymous_6)","line":123,"loc":{"start":{"line":123,"column":33},"end":{"line":123,"column":48}},"skip":true},"7":{"name":"(anonymous_7)","line":125,"loc":{"start":{"line":125,"column":27},"end":{"line":125,"column":39}},"skip":true},"8":{"name":"(anonymous_8)","line":133,"loc":{"start":{"line":133,"column":59},"end":{"line":133,"column":74}},"skip":true},"9":{"name":"(anonymous_9)","line":143,"loc":{"start":{"line":143,"column":45},"end":{"line":143,"column":62}},"skip":true},"10":{"name":"(anonymous_10)","line":144,"loc":{"start":{"line":144,"column":73},"end":{"line":144,"column":92}},"skip":true},"11":{"name":"(anonymous_11)","line":272,"loc":{"start":{"line":272,"column":51},"end":{"line":272,"column":77}},"skip":true},"12":{"name":"(anonymous_12)","line":314,"loc":{"start":{"line":314,"column":32},"end":{"line":314,"column":61}},"skip":true}},"statementMap":{"1":{"start":{"line":26,"column":0},"end":{"line":325,"column":5}},"2":{"start":{"line":28,"column":4},"end":{"line":28,"column":14}},"3":{"start":{"line":33,"column":4},"end":{"line":60,"column":9}},"4":{"start":{"line":35,"column":8},"end":{"line":35,"column":19}},"5":{"start":{"line":37,"column":8},"end":{"line":49,"column":13}},"6":{"start":{"line":38,"column":12},"end":{"line":48,"column":13}},"7":{"start":{"line":39,"column":16},"end":{"line":42,"column":30}},"8":{"start":{"line":44,"column":16},"end":{"line":47,"column":27}},"9":{"start":{"line":51,"column":8},"end":{"line":53,"column":21}},"10":{"start":{"line":55,"column":8},"end":{"line":57,"column":45}},"11":{"start":{"line":59,"column":8},"end":{"line":59,"column":35}},"12":{"start":{"line":61,"column":4},"end":{"line":324,"column":5}},"13":{"start":{"line":69,"column":8},"end":{"line":121,"column":10},"skip":true},"14":{"start":{"line":70,"column":12},"end":{"line":88,"column":13},"skip":true},"15":{"start":{"line":76,"column":16},"end":{"line":87,"column":19},"skip":true},"16":{"start":{"line":79,"column":20},"end":{"line":86,"column":21},"skip":true},"17":{"start":{"line":82,"column":24},"end":{"line":82,"column":43},"skip":true},"18":{"start":{"line":83,"column":24},"end":{"line":83,"column":30},"skip":true},"19":{"start":{"line":85,"column":24},"end":{"line":85,"column":49},"skip":true},"20":{"start":{"line":89,"column":12},"end":{"line":107,"column":13},"skip":true},"21":{"start":{"line":92,"column":16},"end":{"line":102,"column":17},"skip":true},"22":{"start":{"line":93,"column":20},"end":{"line":93,"column":86},"skip":true},"23":{"start":{"line":94,"column":20},"end":{"line":95,"column":45},"skip":true},"24":{"start":{"line":96,"column":20},"end":{"line":96,"column":42},"skip":true},"25":{"start":{"line":97,"column":20},"end":{"line":97,"column":48},"skip":true},"26":{"start":{"line":100,"column":20},"end":{"line":100,"column":85},"skip":true},"27":{"start":{"line":101,"column":20},"end":{"line":101,"column":96},"skip":true},"28":{"start":{"line":103,"column":16},"end":{"line":103,"column":22},"skip":true},"29":{"start":{"line":106,"column":16},"end":{"line":106,"column":22},"skip":true},"30":{"start":{"line":108,"column":12},"end":{"line":120,"column":13},"skip":true},"31":{"start":{"line":114,"column":16},"end":{"line":119,"column":17},"skip":true},"32":{"start":{"line":116,"column":20},"end":{"line":116,"column":78},"skip":true},"33":{"start":{"line":118,"column":20},"end":{"line":118,"column":47},"skip":true},"34":{"start":{"line":123,"column":8},"end":{"line":141,"column":11},"skip":true},"35":{"start":{"line":124,"column":12},"end":{"line":124,"column":54},"skip":true},"36":{"start":{"line":125,"column":12},"end":{"line":140,"column":14},"skip":true},"37":{"start":{"line":126,"column":16},"end":{"line":126,"column":28},"skip":true},"38":{"start":{"line":127,"column":16},"end":{"line":127,"column":69},"skip":true},"39":{"start":{"line":128,"column":16},"end":{"line":128,"column":75},"skip":true},"40":{"start":{"line":129,"column":16},"end":{"line":131,"column":17},"skip":true},"41":{"start":{"line":130,"column":20},"end":{"line":130,"column":27},"skip":true},"42":{"start":{"line":133,"column":16},"end":{"line":137,"column":36},"skip":true},"43":{"start":{"line":134,"column":20},"end":{"line":136,"column":55},"skip":true},"44":{"start":{"line":139,"column":16},"end":{"line":139,"column":57},"skip":true},"45":{"start":{"line":143,"column":8},"end":{"line":147,"column":11},"skip":true},"46":{"start":{"line":144,"column":12},"end":{"line":146,"column":15},"skip":true},"47":{"start":{"line":145,"column":16},"end":{"line":145,"column":70},"skip":true},"48":{"start":{"line":149,"column":8},"end":{"line":149,"column":31},"skip":true},"49":{"start":{"line":150,"column":8},"end":{"line":150,"column":14},"skip":true},"50":{"start":{"line":158,"column":8},"end":{"line":158,"column":31},"skip":true},"51":{"start":{"line":160,"column":8},"end":{"line":160,"column":33},"skip":true},"52":{"start":{"line":161,"column":8},"end":{"line":161,"column":37},"skip":true},"53":{"start":{"line":162,"column":8},"end":{"line":162,"column":35},"skip":true},"54":{"start":{"line":164,"column":8},"end":{"line":164,"column":50},"skip":true},"55":{"start":{"line":166,"column":8},"end":{"line":256,"column":2},"skip":true},"56":{"start":{"line":258,"column":8},"end":{"line":286,"column":9},"skip":true},"57":{"start":{"line":259,"column":12},"end":{"line":269,"column":14},"skip":true},"58":{"start":{"line":271,"column":12},"end":{"line":285,"column":19},"skip":true},"59":{"start":{"line":274,"column":20},"end":{"line":274,"column":35},"skip":true},"60":{"start":{"line":275,"column":20},"end":{"line":284,"column":21},"skip":true},"61":{"start":{"line":277,"column":24},"end":{"line":277,"column":64},"skip":true},"62":{"start":{"line":279,"column":24},"end":{"line":279,"column":40},"skip":true},"63":{"start":{"line":281,"column":24},"end":{"line":281,"column":40},"skip":true},"64":{"start":{"line":283,"column":24},"end":{"line":283,"column":39},"skip":true},"65":{"start":{"line":288,"column":8},"end":{"line":290,"column":9},"skip":true},"66":{"start":{"line":289,"column":12},"end":{"line":289,"column":18},"skip":true},"67":{"start":{"line":291,"column":8},"end":{"line":293,"column":54},"skip":true},"68":{"start":{"line":294,"column":8},"end":{"line":301,"column":37},"skip":true},"69":{"start":{"line":302,"column":8},"end":{"line":302,"column":82},"skip":true},"70":{"start":{"line":305,"column":8},"end":{"line":307,"column":9},"skip":true},"71":{"start":{"line":306,"column":12},"end":{"line":306,"column":82},"skip":true},"72":{"start":{"line":309,"column":8},"end":{"line":311,"column":9},"skip":true},"73":{"start":{"line":310,"column":12},"end":{"line":310,"column":18},"skip":true},"74":{"start":{"line":312,"column":8},"end":{"line":312,"column":54},"skip":true},"75":{"start":{"line":313,"column":8},"end":{"line":313,"column":69},"skip":true},"76":{"start":{"line":314,"column":8},"end":{"line":322,"column":36},"skip":true},"77":{"start":{"line":315,"column":12},"end":{"line":315,"column":61},"skip":true},"78":{"start":{"line":316,"column":12},"end":{"line":319,"column":13},"skip":true},"79":{"start":{"line":317,"column":16},"end":{"line":317,"column":75},"skip":true},"80":{"start":{"line":318,"column":16},"end":{"line":318,"column":23},"skip":true},"81":{"start":{"line":320,"column":12},"end":{"line":320,"column":38},"skip":true},"82":{"start":{"line":321,"column":12},"end":{"line":321,"column":27},"skip":true},"83":{"start":{"line":323,"column":8},"end":{"line":323,"column":14},"skip":true}},"branchMap":{"1":{"line":39,"type":"binary-expr","locations":[{"start":{"line":39,"column":23},"end":{"line":39,"column":62}},{"start":{"line":40,"column":20},"end":{"line":40,"column":70}},{"start":{"line":41,"column":20},"end":{"line":41,"column":71}},{"start":{"line":42,"column":20},"end":{"line":42,"column":29}}]},"2":{"line":44,"type":"binary-expr","locations":[{"start":{"line":44,"column":23},"end":{"line":44,"column":37}},{"start":{"line":45,"column":20},"end":{"line":45,"column":61}},{"start":{"line":46,"column":20},"end":{"line":46,"column":70}},{"start":{"line":47,"column":20},"end":{"line":47,"column":26}}]},"3":{"line":51,"type":"cond-expr","locations":[{"start":{"line":52,"column":14},"end":{"line":52,"column":20}},{"start":{"line":53,"column":14},"end":{"line":53,"column":20}}]},"4":{"line":55,"type":"binary-expr","locations":[{"start":{"line":55,"column":16},"end":{"line":55,"column":44}},{"start":{"line":55,"column":49},"end":{"line":57,"column":43}}]},"5":{"line":55,"type":"cond-expr","locations":[{"start":{"line":56,"column":14},"end":{"line":56,"column":68}},{"start":{"line":57,"column":14},"end":{"line":57,"column":43}}]},"6":{"line":61,"type":"switch","locations":[{"start":{"line":68,"column":4},"end":{"line":150,"column":14},"skip":true},{"start":{"line":156,"column":4},"end":{"line":323,"column":14},"skip":true}]},"7":{"line":70,"type":"if","locations":[{"start":{"line":70,"column":12},"end":{"line":70,"column":12},"skip":true},{"start":{"line":70,"column":12},"end":{"line":70,"column":12},"skip":true}]},"8":{"line":70,"type":"binary-expr","locations":[{"start":{"line":70,"column":16},"end":{"line":70,"column":22},"skip":true},{"start":{"line":70,"column":27},"end":{"line":70,"column":32},"skip":true},{"start":{"line":71,"column":20},"end":{"line":71,"column":39},"skip":true},{"start":{"line":72,"column":20},"end":{"line":72,"column":49},"skip":true},{"start":{"line":73,"column":20},"end":{"line":73,"column":58},"skip":true},{"start":{"line":74,"column":20},"end":{"line":74,"column":69},"skip":true}]},"9":{"line":79,"type":"switch","locations":[{"start":{"line":80,"column":20},"end":{"line":80,"column":33},"skip":true},{"start":{"line":81,"column":20},"end":{"line":83,"column":30},"skip":true},{"start":{"line":84,"column":20},"end":{"line":85,"column":49},"skip":true}]},"10":{"line":89,"type":"switch","locations":[{"start":{"line":90,"column":12},"end":{"line":103,"column":22},"skip":true},{"start":{"line":105,"column":12},"end":{"line":106,"column":22},"skip":true}]},"11":{"line":89,"type":"binary-expr","locations":[{"start":{"line":89,"column":20},"end":{"line":89,"column":25},"skip":true},{"start":{"line":89,"column":29},"end":{"line":89,"column":48},"skip":true},{"start":{"line":89,"column":52},"end":{"line":89,"column":74},"skip":true}]},"12":{"line":92,"type":"if","locations":[{"start":{"line":92,"column":16},"end":{"line":92,"column":16},"skip":true},{"start":{"line":92,"column":16},"end":{"line":92,"column":16},"skip":true}]},"13":{"line":108,"type":"if","locations":[{"start":{"line":108,"column":12},"end":{"line":108,"column":12},"skip":true},{"start":{"line":108,"column":12},"end":{"line":108,"column":12},"skip":true}]},"14":{"line":108,"type":"binary-expr","locations":[{"start":{"line":108,"column":16},"end":{"line":108,"column":61},"skip":true},{"start":{"line":108,"column":66},"end":{"line":108,"column":72},"skip":true},{"start":{"line":108,"column":77},"end":{"line":108,"column":82},"skip":true},{"start":{"line":109,"column":20},"end":{"line":109,"column":39},"skip":true},{"start":{"line":110,"column":20},"end":{"line":110,"column":49},"skip":true},{"start":{"line":111,"column":20},"end":{"line":111,"column":58},"skip":true},{"start":{"line":112,"column":20},"end":{"line":112,"column":68},"skip":true}]},"15":{"line":129,"type":"if","locations":[{"start":{"line":129,"column":16},"end":{"line":129,"column":16},"skip":true},{"start":{"line":129,"column":16},"end":{"line":129,"column":16},"skip":true}]},"16":{"line":134,"type":"cond-expr","locations":[{"start":{"line":135,"column":26},"end":{"line":135,"column":29},"skip":true},{"start":{"line":136,"column":26},"end":{"line":136,"column":54},"skip":true}]},"17":{"line":164,"type":"binary-expr","locations":[{"start":{"line":164,"column":27},"end":{"line":164,"column":43},"skip":true},{"start":{"line":164,"column":47},"end":{"line":164,"column":49},"skip":true}]},"18":{"line":258,"type":"if","locations":[{"start":{"line":258,"column":8},"end":{"line":258,"column":8},"skip":true},{"start":{"line":258,"column":8},"end":{"line":258,"column":8},"skip":true}]},"19":{"line":275,"type":"switch","locations":[{"start":{"line":276,"column":20},"end":{"line":277,"column":64},"skip":true},{"start":{"line":278,"column":20},"end":{"line":279,"column":40},"skip":true},{"start":{"line":280,"column":20},"end":{"line":281,"column":40},"skip":true},{"start":{"line":282,"column":20},"end":{"line":283,"column":39},"skip":true}]},"20":{"line":288,"type":"if","locations":[{"start":{"line":288,"column":8},"end":{"line":288,"column":8},"skip":true},{"start":{"line":288,"column":8},"end":{"line":288,"column":8},"skip":true}]},"21":{"line":288,"type":"binary-expr","locations":[{"start":{"line":288,"column":12},"end":{"line":288,"column":40},"skip":true},{"start":{"line":288,"column":44},"end":{"line":288,"column":67},"skip":true}]},"22":{"line":292,"type":"binary-expr","locations":[{"start":{"line":292,"column":12},"end":{"line":292,"column":50},"skip":true},{"start":{"line":293,"column":12},"end":{"line":293,"column":53},"skip":true}]},"23":{"line":295,"type":"binary-expr","locations":[{"start":{"line":295,"column":12},"end":{"line":295,"column":82},"skip":true},{"start":{"line":296,"column":12},"end":{"line":301,"column":36},"skip":true}]},"24":{"line":302,"type":"binary-expr","locations":[{"start":{"line":302,"column":43},"end":{"line":302,"column":75},"skip":true},{"start":{"line":302,"column":79},"end":{"line":302,"column":81},"skip":true}]},"25":{"line":305,"type":"if","locations":[{"start":{"line":305,"column":8},"end":{"line":305,"column":8},"skip":true},{"start":{"line":305,"column":8},"end":{"line":305,"column":8},"skip":true}]},"26":{"line":309,"type":"if","locations":[{"start":{"line":309,"column":8},"end":{"line":309,"column":8},"skip":true},{"start":{"line":309,"column":8},"end":{"line":309,"column":8},"skip":true}]},"27":{"line":312,"type":"binary-expr","locations":[{"start":{"line":312,"column":27},"end":{"line":312,"column":43},"skip":true},{"start":{"line":312,"column":47},"end":{"line":312,"column":53},"skip":true}]},"28":{"line":316,"type":"if","locations":[{"start":{"line":316,"column":12},"end":{"line":316,"column":12},"skip":true},{"start":{"line":316,"column":12},"end":{"line":316,"column":12},"skip":true}]}},"code":["/*","example.js","","quickstart example","","instruction","    1. save this script as example.js","    2. run the shell command:","        $ npm install npmtest-homebridge-homeassistant && PORT=8081 node example.js","    3. play with the browser-demo on http://127.0.0.1:8081","*/","","","","/* istanbul instrument in package npmtest_homebridge_homeassistant */","/*jslint","    bitwise: true,","    browser: true,","    maxerr: 8,","    maxlen: 96,","    node: true,","    nomen: true,","    regexp: true,","    stupid: true","*/","(function () {","    'use strict';","    var local;","","","","    // run shared js-env code - pre-init","    (function () {","        // init local","        local = {};","        // init modeJs","        local.modeJs = (function () {","            try {","                return typeof navigator.userAgent === 'string' &&","                    typeof document.querySelector('body') === 'object' &&","                    typeof XMLHttpRequest.prototype.open === 'function' &&","                    'browser';","            } catch (errorCaughtBrowser) {","                return module.exports &&","                    typeof process.versions.node === 'string' &&","                    typeof require('http').createServer === 'function' &&","                    'node';","            }","        }());","        // init global","        local.global = local.modeJs === 'browser'","            ? window","            : global;","        // init utility2_rollup","        local = local.global.utility2_rollup || (local.modeJs === 'browser'","            ? local.global.utility2_npmtest_homebridge_homeassistant","            : global.utility2_moduleExports);","        // export local","        local.global.local = local;","    }());","    switch (local.modeJs) {","","","","    // post-init","    // run browser js-env code - post-init","    /* istanbul ignore next */","    case 'browser':","        local.testRunBrowser = function (event) {","            if (!event || (event &&","                    event.currentTarget &&","                    event.currentTarget.className &&","                    event.currentTarget.className.includes &&","                    event.currentTarget.className.includes('onreset'))) {","                // reset output","                Array.from(","                    document.querySelectorAll('body > .resettable')","                ).forEach(function (element) {","                    switch (element.tagName) {","                    case 'INPUT':","                    case 'TEXTAREA':","                        element.value = '';","                        break;","                    default:","                        element.textContent = '';","                    }","                });","            }","            switch (event && event.currentTarget && event.currentTarget.id) {","            case 'testRunButton1':","                // show tests","                if (document.querySelector('#testReportDiv1').style.display === 'none') {","                    document.querySelector('#testReportDiv1').style.display = 'block';","                    document.querySelector('#testRunButton1').textContent =","                        'hide internal test';","                    local.modeTest = true;","                    local.testRunDefault(local);","                // hide tests","                } else {","                    document.querySelector('#testReportDiv1').style.display = 'none';","                    document.querySelector('#testRunButton1').textContent = 'run internal test';","                }","                break;","            // custom-case","            default:","                break;","            }","            if (document.querySelector('#inputTextareaEval1') && (!event || (event &&","                    event.currentTarget &&","                    event.currentTarget.className &&","                    event.currentTarget.className.includes &&","                    event.currentTarget.className.includes('oneval')))) {","                // try to eval input-code","                try {","                    /*jslint evil: true*/","                    eval(document.querySelector('#inputTextareaEval1').value);","                } catch (errorCaught) {","                    console.error(errorCaught);","                }","            }","        };","        // log stderr and stdout to #outputTextareaStdout1","        ['error', 'log'].forEach(function (key) {","            console[key + '_original'] = console[key];","            console[key] = function () {","                var element;","                console[key + '_original'].apply(console, arguments);","                element = document.querySelector('#outputTextareaStdout1');","                if (!element) {","                    return;","                }","                // append text to #outputTextareaStdout1","                element.value += Array.from(arguments).map(function (arg) {","                    return typeof arg === 'string'","                        ? arg","                        : JSON.stringify(arg, null, 4);","                }).join(' ') + '\\n';","                // scroll textarea to bottom","                element.scrollTop = element.scrollHeight;","            };","        });","        // init event-handling","        ['change', 'click', 'keyup'].forEach(function (event) {","            Array.from(document.querySelectorAll('.on' + event)).forEach(function (element) {","                element.addEventListener(event, local.testRunBrowser);","            });","        });","        // run tests","        local.testRunBrowser();","        break;","","","","    // run node js-env code - post-init","    /* istanbul ignore next */","    case 'node':","        // export local","        module.exports = local;","        // require modules","        local.fs = require('fs');","        local.http = require('http');","        local.url = require('url');","        // init assets","        local.assetsDict = local.assetsDict || {};","        /* jslint-ignore-begin */","        local.assetsDict['/assets.index.template.html'] = '\\","<!doctype html>\\n\\","<html lang=\"en\">\\n\\","<head>\\n\\","<meta charset=\"UTF-8\">\\n\\","<meta name=\"viewport\" content=\"width=device-width, initial-scale=1\">\\n\\","<title>{{env.npm_package_name}} (v{{env.npm_package_version}})</title>\\n\\","<style>\\n\\","/*csslint\\n\\","    box-sizing: false,\\n\\","    universal-selector: false\\n\\","*/\\n\\","* {\\n\\","    box-sizing: border-box;\\n\\","}\\n\\","body {\\n\\","    background: #dde;\\n\\","    font-family: Arial, Helvetica, sans-serif;\\n\\","    margin: 2rem;\\n\\","}\\n\\","body > * {\\n\\","    margin-bottom: 1rem;\\n\\","}\\n\\",".utility2FooterDiv {\\n\\","    margin-top: 20px;\\n\\","    text-align: center;\\n\\","}\\n\\","</style>\\n\\","<style>\\n\\","/*csslint\\n\\","*/\\n\\","textarea {\\n\\","    font-family: monospace;\\n\\","    height: 10rem;\\n\\","    width: 100%;\\n\\","}\\n\\","textarea[readonly] {\\n\\","    background: #ddd;\\n\\","}\\n\\","</style>\\n\\","</head>\\n\\","<body>\\n\\","<!-- utility2-comment\\n\\","<div id=\"ajaxProgressDiv1\" style=\"background: #d00; height: 2px; left: 0; margin: 0; padding: 0; position: fixed; top: 0; transition: background 0.5s, width 1.5s; width: 25%;\"></div>\\n\\","utility2-comment -->\\n\\","<h1>\\n\\","<!-- utility2-comment\\n\\","    <a\\n\\","        {{#if env.npm_package_homepage}}\\n\\","        href=\"{{env.npm_package_homepage}}\"\\n\\","        {{/if env.npm_package_homepage}}\\n\\","        target=\"_blank\"\\n\\","    >\\n\\","utility2-comment -->\\n\\","        {{env.npm_package_name}} (v{{env.npm_package_version}})\\n\\","<!-- utility2-comment\\n\\","    </a>\\n\\","utility2-comment -->\\n\\","</h1>\\n\\","<h3>{{env.npm_package_description}}</h3>\\n\\","<!-- utility2-comment\\n\\","<h4><a download href=\"assets.app.js\">download standalone app</a></h4>\\n\\","<button class=\"onclick onreset\" id=\"testRunButton1\">run internal test</button><br>\\n\\","<div id=\"testReportDiv1\" style=\"display: none;\"></div>\\n\\","utility2-comment -->\\n\\","\\n\\","\\n\\","\\n\\","<label>stderr and stdout</label>\\n\\","<textarea class=\"resettable\" id=\"outputTextareaStdout1\" readonly></textarea>\\n\\","<!-- utility2-comment\\n\\","{{#if isRollup}}\\n\\","<script src=\"assets.app.js\"></script>\\n\\","{{#unless isRollup}}\\n\\","utility2-comment -->\\n\\","<script src=\"assets.utility2.rollup.js\"></script>\\n\\","<script src=\"jsonp.utility2._stateInit?callback=window.utility2._stateInit\"></script>\\n\\","<script src=\"assets.npmtest_homebridge_homeassistant.rollup.js\"></script>\\n\\","<script src=\"assets.example.js\"></script>\\n\\","<script src=\"assets.test.js\"></script>\\n\\","<!-- utility2-comment\\n\\","{{/if isRollup}}\\n\\","utility2-comment -->\\n\\","<div class=\"utility2FooterDiv\">\\n\\","    [ this app was created with\\n\\","    <a href=\"https://github.com/kaizhu256/node-utility2\" target=\"_blank\">utility2</a>\\n\\","    ]\\n\\","</div>\\n\\","</body>\\n\\","</html>\\n\\","';","        /* jslint-ignore-end */","        if (local.templateRender) {","            local.assetsDict['/'] = local.templateRender(","                local.assetsDict['/assets.index.template.html'],","                {","                    env: local.objectSetDefault(local.env, {","                        npm_package_description: 'the greatest app in the world!',","                        npm_package_name: 'my-app',","                        npm_package_nameAlias: 'my_app',","                        npm_package_version: '0.0.1'","                    })","                }","            );","        } else {","            local.assetsDict['/'] = local.assetsDict['/assets.index.template.html']","                .replace((/\\{\\{env\\.(\\w+?)\\}\\}/g), function (match0, match1) {","                    // jslint-hack","                    String(match0);","                    switch (match1) {","                    case 'npm_package_description':","                        return 'the greatest app in the world!';","                    case 'npm_package_name':","                        return 'my-app';","                    case 'npm_package_nameAlias':","                        return 'my_app';","                    case 'npm_package_version':","                        return '0.0.1';","                    }","                });","        }","        // run the cli","        if (local.global.utility2_rollup || module !== require.main) {","            break;","        }","        local.assetsDict['/assets.example.js'] =","            local.assetsDict['/assets.example.js'] ||","            local.fs.readFileSync(__filename, 'utf8');","        local.assetsDict['/assets.npmtest_homebridge_homeassistant.rollup.js'] =","            local.assetsDict['/assets.npmtest_homebridge_homeassistant.rollup.js'] ||","            local.fs.readFileSync(","                // buildCustomOrg-hack","                local.npmtest_homebridge_homeassistant.__dirname +","                    '/lib.npmtest_homebridge_homeassistant.js',","                'utf8'","            ).replace((/^#!/), '//');","        local.assetsDict['/favicon.ico'] = local.assetsDict['/favicon.ico'] || '';","        // if $npm_config_timeout_exit exists,","        // then exit this process after $npm_config_timeout_exit ms","        if (Number(process.env.npm_config_timeout_exit)) {","            setTimeout(process.exit, Number(process.env.npm_config_timeout_exit));","        }","        // start server","        if (local.global.utility2_serverHttp1) {","            break;","        }","        process.env.PORT = process.env.PORT || '8081';","        console.error('server starting on port ' + process.env.PORT);","        local.http.createServer(function (request, response) {","            request.urlParsed = local.url.parse(request.url);","            if (local.assetsDict[request.urlParsed.pathname] !== undefined) {","                response.end(local.assetsDict[request.urlParsed.pathname]);","                return;","            }","            response.statusCode = 404;","            response.end();","        }).listen(process.env.PORT);","        break;","    }","}());",""],"l":{"26":2,"28":2,"33":2,"35":2,"37":2,"38":2,"39":2,"44":1,"51":2,"55":2,"59":2,"61":2,"69":1,"70":2,"76":2,"79":2,"82":2,"83":2,"85":1,"89":2,"92":1,"93":1,"94":1,"96":1,"97":1,"100":1,"101":1,"103":1,"106":1,"108":2,"114":1,"116":1,"118":1,"123":1,"124":2,"125":2,"126":2,"127":2,"128":2,"129":2,"130":1,"133":2,"134":2,"139":2,"143":1,"144":3,"145":1,"149":1,"150":1,"158":1,"160":1,"161":1,"162":1,"164":1,"166":1,"258":1,"259":1,"271":1,"274":6,"275":6,"277":1,"279":2,"281":1,"283":2,"288":1,"289":1,"291":1,"294":1,"302":1,"305":1,"306":1,"309":1,"310":1,"312":1,"313":1,"314":1,"315":1,"316":1,"317":1,"318":1,"320":1,"321":1,"323":1}},"/home/travis/build/npmtest/node-npmtest-homebridge-homeassistant/node_modules/homebridge-homeassistant/index.js":{"path":"/home/travis/build/npmtest/node-npmtest-homebridge-homeassistant/node_modules/homebridge-homeassistant/index.js","s":{"1":1,"2":1,"3":1,"4":1,"5":1,"6":1,"7":1,"8":1,"9":1,"10":1,"11":1,"12":1,"13":1,"14":1,"15":1,"16":1,"17":0,"18":0,"19":0,"20":0,"21":0,"22":0,"23":0,"24":0,"25":0,"26":0,"27":0,"28":0,"29":0,"30":0,"31":0,"32":0,"33":0,"34":0,"35":0,"36":0,"37":0,"38":0,"39":1,"40":0,"41":0,"42":0,"43":0,"44":0,"45":0,"46":0,"47":0,"48":0,"49":0,"50":0,"51":0,"52":0,"53":0,"54":0,"55":0,"56":0,"57":0,"58":0,"59":0,"60":0,"61":0,"62":0,"63":0,"64":0,"65":0,"66":0,"67":0,"68":0,"69":0,"70":0,"71":0,"72":0,"73":0,"74":0,"75":0,"76":0,"77":0,"78":0,"79":0,"80":0,"81":0,"82":0,"83":0,"84":0,"85":0,"86":0,"87":0,"88":0,"89":0,"90":0,"91":0,"92":0,"93":0,"94":0,"95":0,"96":0,"97":0,"98":0,"99":0,"100":0,"101":0,"102":0,"103":0,"104":0,"105":0,"106":0,"107":0,"108":0,"109":0,"110":0,"111":1,"112":0,"113":0,"114":0,"115":0,"116":0,"117":0,"118":0,"119":0,"120":0,"121":0,"122":0,"123":0,"124":1,"125":1},"b":{"1":[0,0],"2":[0,0],"3":[0,0],"4":[0,0],"5":[0,0],"6":[0,0],"7":[0,0],"8":[0,0],"9":[0,0],"10":[0,0],"11":[0,0],"12":[0,0],"13":[0,0],"14":[0,0],"15":[0,0],"16":[0,0],"17":[0,0],"18":[0,0],"19":[0,0],"20":[0,0],"21":[0,0],"22":[0,0],"23":[0,0],"24":[0,0],"25":[0,0],"26":[0,0],"27":[0,0],"28":[0,0],"29":[0,0],"30":[0,0],"31":[0,0],"32":[0,0],"33":[0,0],"34":[0,0],"35":[0,0],"36":[0,0,0],"37":[0,0],"38":[0,0,0],"39":[0,0]},"f":{"1":0,"2":0,"3":0,"4":0,"5":0,"6":0},"fnMap":{"1":{"name":"HomeAssistantPlatform","line":21,"loc":{"start":{"line":21,"column":0},"end":{"line":21,"column":49}}},"2":{"name":"(anonymous_2)","line":62,"loc":{"start":{"line":62,"column":9},"end":{"line":62,"column":43}}},"3":{"name":"(anonymous_3)","line":95,"loc":{"start":{"line":95,"column":12},"end":{"line":95,"column":33}}},"4":{"name":"(anonymous_4)","line":104,"loc":{"start":{"line":104,"column":13},"end":{"line":104,"column":54}}},"5":{"name":"(anonymous_5)","line":116,"loc":{"start":{"line":116,"column":13},"end":{"line":116,"column":24}}},"6":{"name":"HomebridgeHomeAssistant","line":194,"loc":{"start":{"line":194,"column":0},"end":{"line":194,"column":45}}}},"statementMap":{"1":{"start":{"line":3,"column":0},"end":{"line":3,"column":12}},"2":{"start":{"line":4,"column":0},"end":{"line":4,"column":19}},"3":{"start":{"line":5,"column":0},"end":{"line":5,"column":27}},"4":{"start":{"line":6,"column":0},"end":{"line":6,"column":35}},"5":{"start":{"line":7,"column":0},"end":{"line":7,"column":43}},"6":{"start":{"line":9,"column":0},"end":{"line":9,"column":81}},"7":{"start":{"line":11,"column":0},"end":{"line":11,"column":37}},"8":{"start":{"line":12,"column":0},"end":{"line":12,"column":30}},"9":{"start":{"line":13,"column":0},"end":{"line":13,"column":21}},"10":{"start":{"line":14,"column":0},"end":{"line":14,"column":23}},"11":{"start":{"line":15,"column":0},"end":{"line":15,"column":22}},"12":{"start":{"line":16,"column":0},"end":{"line":16,"column":29}},"13":{"start":{"line":17,"column":0},"end":{"line":17,"column":31}},"14":{"start":{"line":18,"column":0},"end":{"line":18,"column":24}},"15":{"start":{"line":19,"column":0},"end":{"line":19,"column":38}},"16":{"start":{"line":21,"column":0},"end":{"line":59,"column":1}},"17":{"start":{"line":23,"column":2},"end":{"line":23,"column":26}},"18":{"start":{"line":24,"column":2},"end":{"line":24,"column":34}},"19":{"start":{"line":25,"column":2},"end":{"line":25,"column":181}},"20":{"start":{"line":26,"column":2},"end":{"line":26,"column":29}},"21":{"start":{"line":27,"column":2},"end":{"line":27,"column":70}},"22":{"start":{"line":29,"column":2},"end":{"line":29,"column":17}},"23":{"start":{"line":31,"column":2},"end":{"line":34,"column":3}},"24":{"start":{"line":33,"column":4},"end":{"line":33,"column":19}},"25":{"start":{"line":36,"column":2},"end":{"line":36,"column":108}},"26":{"start":{"line":37,"column":2},"end":{"line":58,"column":5}},"27":{"start":{"line":38,"column":4},"end":{"line":40,"column":5}},"28":{"start":{"line":39,"column":6},"end":{"line":39,"column":44}},"29":{"start":{"line":41,"column":4},"end":{"line":43,"column":5}},"30":{"start":{"line":42,"column":6},"end":{"line":42,"column":13}},"31":{"start":{"line":45,"column":4},"end":{"line":45,"column":36}},"32":{"start":{"line":46,"column":4},"end":{"line":48,"column":5}},"33":{"start":{"line":47,"column":6},"end":{"line":47,"column":13}},"34":{"start":{"line":50,"column":4},"end":{"line":50,"column":56}},"35":{"start":{"line":51,"column":4},"end":{"line":57,"column":5}},"36":{"start":{"line":52,"column":6},"end":{"line":52,"column":49}},"37":{"start":{"line":54,"column":6},"end":{"line":56,"column":7}},"38":{"start":{"line":55,"column":8},"end":{"line":55,"column":68}},"39":{"start":{"line":61,"column":0},"end":{"line":192,"column":2}},"40":{"start":{"line":63,"column":4},"end":{"line":63,"column":49}},"41":{"start":{"line":65,"column":4},"end":{"line":65,"column":28}},"42":{"start":{"line":66,"column":4},"end":{"line":66,"column":40}},"43":{"start":{"line":69,"column":4},"end":{"line":79,"column":6}},"44":{"start":{"line":81,"column":4},"end":{"line":93,"column":7}},"45":{"start":{"line":82,"column":6},"end":{"line":85,"column":7}},"46":{"start":{"line":83,"column":8},"end":{"line":83,"column":34}},"47":{"start":{"line":84,"column":8},"end":{"line":84,"column":15}},"48":{"start":{"line":87,"column":6},"end":{"line":90,"column":7}},"49":{"start":{"line":88,"column":8},"end":{"line":88,"column":67}},"50":{"start":{"line":89,"column":8},"end":{"line":89,"column":15}},"51":{"start":{"line":92,"column":6},"end":{"line":92,"column":50}},"52":{"start":{"line":96,"column":4},"end":{"line":102,"column":7}},"53":{"start":{"line":97,"column":6},"end":{"line":101,"column":7}},"54":{"start":{"line":98,"column":8},"end":{"line":98,"column":23}},"55":{"start":{"line":100,"column":8},"end":{"line":100,"column":23}},"56":{"start":{"line":105,"column":4},"end":{"line":105,"column":23}},"57":{"start":{"line":106,"column":4},"end":{"line":106,"column":31}},"58":{"start":{"line":108,"column":4},"end":{"line":114,"column":7}},"59":{"start":{"line":109,"column":6},"end":{"line":113,"column":7}},"60":{"start":{"line":110,"column":8},"end":{"line":110,"column":23}},"61":{"start":{"line":112,"column":8},"end":{"line":112,"column":23}},"62":{"start":{"line":117,"column":4},"end":{"line":117,"column":48}},"63":{"start":{"line":119,"column":4},"end":{"line":119,"column":22}},"64":{"start":{"line":121,"column":4},"end":{"line":190,"column":7}},"65":{"start":{"line":122,"column":6},"end":{"line":126,"column":7}},"66":{"start":{"line":123,"column":8},"end":{"line":123,"column":66}},"67":{"start":{"line":124,"column":8},"end":{"line":124,"column":64}},"68":{"start":{"line":124,"column":27},"end":{"line":124,"column":54}},"69":{"start":{"line":125,"column":8},"end":{"line":125,"column":15}},"70":{"start":{"line":128,"column":6},"end":{"line":187,"column":7}},"71":{"start":{"line":129,"column":8},"end":{"line":129,"column":31}},"72":{"start":{"line":130,"column":8},"end":{"line":130,"column":58}},"73":{"start":{"line":134,"column":8},"end":{"line":136,"column":9}},"74":{"start":{"line":135,"column":10},"end":{"line":135,"column":19}},"75":{"start":{"line":139,"column":8},"end":{"line":141,"column":9}},"76":{"start":{"line":140,"column":10},"end":{"line":140,"column":19}},"77":{"start":{"line":144,"column":8},"end":{"line":146,"column":9}},"78":{"start":{"line":145,"column":10},"end":{"line":145,"column":19}},"79":{"start":{"line":150,"column":8},"end":{"line":152,"column":9}},"80":{"start":{"line":151,"column":10},"end":{"line":151,"column":78}},"81":{"start":{"line":154,"column":8},"end":{"line":154,"column":29}},"82":{"start":{"line":156,"column":8},"end":{"line":182,"column":9}},"83":{"start":{"line":157,"column":10},"end":{"line":157,"column":69}},"84":{"start":{"line":158,"column":15},"end":{"line":182,"column":9}},"85":{"start":{"line":159,"column":10},"end":{"line":159,"column":70}},"86":{"start":{"line":160,"column":15},"end":{"line":182,"column":9}},"87":{"start":{"line":161,"column":10},"end":{"line":161,"column":68}},"88":{"start":{"line":162,"column":15},"end":{"line":182,"column":9}},"89":{"start":{"line":163,"column":10},"end":{"line":163,"column":208}},"90":{"start":{"line":164,"column":15},"end":{"line":182,"column":9}},"91":{"start":{"line":165,"column":10},"end":{"line":165,"column":79}},"92":{"start":{"line":166,"column":15},"end":{"line":182,"column":9}},"93":{"start":{"line":167,"column":10},"end":{"line":167,"column":210}},"94":{"start":{"line":168,"column":15},"end":{"line":182,"column":9}},"95":{"start":{"line":169,"column":10},"end":{"line":169,"column":87}},"96":{"start":{"line":170,"column":15},"end":{"line":182,"column":9}},"97":{"start":{"line":171,"column":10},"end":{"line":171,"column":67}},"98":{"start":{"line":172,"column":15},"end":{"line":182,"column":9}},"99":{"start":{"line":173,"column":10},"end":{"line":173,"column":72}},"100":{"start":{"line":174,"column":15},"end":{"line":182,"column":9}},"101":{"start":{"line":175,"column":10},"end":{"line":175,"column":73}},"102":{"start":{"line":176,"column":15},"end":{"line":182,"column":9}},"103":{"start":{"line":177,"column":10},"end":{"line":177,"column":80}},"104":{"start":{"line":178,"column":15},"end":{"line":182,"column":9}},"105":{"start":{"line":179,"column":10},"end":{"line":179,"column":75}},"106":{"start":{"line":180,"column":15},"end":{"line":182,"column":9}},"107":{"start":{"line":181,"column":10},"end":{"line":181,"column":79}},"108":{"start":{"line":184,"column":8},"end":{"line":186,"column":9}},"109":{"start":{"line":185,"column":10},"end":{"line":185,"column":48}},"110":{"start":{"line":189,"column":6},"end":{"line":189,"column":38}},"111":{"start":{"line":194,"column":0},"end":{"line":211,"column":1}},"112":{"start":{"line":195,"column":2},"end":{"line":195,"column":35}},"113":{"start":{"line":196,"column":2},"end":{"line":196,"column":49}},"114":{"start":{"line":199,"column":2},"end":{"line":199,"column":99}},"115":{"start":{"line":200,"column":2},"end":{"line":200,"column":101}},"116":{"start":{"line":201,"column":2},"end":{"line":201,"column":97}},"117":{"start":{"line":202,"column":2},"end":{"line":202,"column":112}},"118":{"start":{"line":203,"column":2},"end":{"line":203,"column":95}},"119":{"start":{"line":204,"column":2},"end":{"line":204,"column":106}},"120":{"start":{"line":205,"column":2},"end":{"line":205,"column":108}},"121":{"start":{"line":206,"column":2},"end":{"line":206,"column":121}},"122":{"start":{"line":207,"column":2},"end":{"line":207,"column":123}},"123":{"start":{"line":210,"column":2},"end":{"line":210,"column":105}},"124":{"start":{"line":213,"column":0},"end":{"line":213,"column":41}},"125":{"start":{"line":215,"column":0},"end":{"line":215,"column":48}}},"branchMap":{"1":{"line":25,"type":"binary-expr","locations":[{"start":{"line":25,"column":24},"end":{"line":25,"column":46}},{"start":{"line":25,"column":50},"end":{"line":25,"column":180}}]},"2":{"line":27,"type":"cond-expr","locations":[{"start":{"line":27,"column":48},"end":{"line":27,"column":62}},{"start":{"line":27,"column":65},"end":{"line":27,"column":69}}]},"3":{"line":31,"type":"if","locations":[{"start":{"line":31,"column":2},"end":{"line":31,"column":2}},{"start":{"line":31,"column":2},"end":{"line":31,"column":2}}]},"4":{"line":38,"type":"if","locations":[{"start":{"line":38,"column":4},"end":{"line":38,"column":4}},{"start":{"line":38,"column":4},"end":{"line":38,"column":4}}]},"5":{"line":41,"type":"if","locations":[{"start":{"line":41,"column":4},"end":{"line":41,"column":4}},{"start":{"line":41,"column":4},"end":{"line":41,"column":4}}]},"6":{"line":46,"type":"if","locations":[{"start":{"line":46,"column":4},"end":{"line":46,"column":4}},{"start":{"line":46,"column":4},"end":{"line":46,"column":4}}]},"7":{"line":54,"type":"if","locations":[{"start":{"line":54,"column":6},"end":{"line":54,"column":6}},{"start":{"line":54,"column":6},"end":{"line":54,"column":6}}]},"8":{"line":54,"type":"binary-expr","locations":[{"start":{"line":54,"column":10},"end":{"line":54,"column":53}},{"start":{"line":54,"column":57},"end":{"line":54,"column":74}}]},"9":{"line":65,"type":"binary-expr","locations":[{"start":{"line":65,"column":14},"end":{"line":65,"column":21}},{"start":{"line":65,"column":25},"end":{"line":65,"column":27}}]},"10":{"line":66,"type":"binary-expr","locations":[{"start":{"line":66,"column":20},"end":{"line":66,"column":33}},{"start":{"line":66,"column":37},"end":{"line":66,"column":39}}]},"11":{"line":71,"type":"binary-expr","locations":[{"start":{"line":71,"column":14},"end":{"line":71,"column":20}},{"start":{"line":71,"column":24},"end":{"line":71,"column":29}}]},"12":{"line":82,"type":"if","locations":[{"start":{"line":82,"column":6},"end":{"line":82,"column":6}},{"start":{"line":82,"column":6},"end":{"line":82,"column":6}}]},"13":{"line":87,"type":"if","locations":[{"start":{"line":87,"column":6},"end":{"line":87,"column":6}},{"start":{"line":87,"column":6},"end":{"line":87,"column":6}}]},"14":{"line":97,"type":"if","locations":[{"start":{"line":97,"column":6},"end":{"line":97,"column":6}},{"start":{"line":97,"column":6},"end":{"line":97,"column":6}}]},"15":{"line":109,"type":"if","locations":[{"start":{"line":109,"column":6},"end":{"line":109,"column":6}},{"start":{"line":109,"column":6},"end":{"line":109,"column":6}}]},"16":{"line":122,"type":"if","locations":[{"start":{"line":122,"column":6},"end":{"line":122,"column":6}},{"start":{"line":122,"column":6},"end":{"line":122,"column":6}}]},"17":{"line":134,"type":"if","locations":[{"start":{"line":134,"column":8},"end":{"line":134,"column":8}},{"start":{"line":134,"column":8},"end":{"line":134,"column":8}}]},"18":{"line":139,"type":"if","locations":[{"start":{"line":139,"column":8},"end":{"line":139,"column":8}},{"start":{"line":139,"column":8},"end":{"line":139,"column":8}}]},"19":{"line":139,"type":"binary-expr","locations":[{"start":{"line":139,"column":12},"end":{"line":139,"column":29}},{"start":{"line":139,"column":33},"end":{"line":139,"column":57}}]},"20":{"line":144,"type":"if","locations":[{"start":{"line":144,"column":8},"end":{"line":144,"column":8}},{"start":{"line":144,"column":8},"end":{"line":144,"column":8}}]},"21":{"line":144,"type":"binary-expr","locations":[{"start":{"line":144,"column":12},"end":{"line":144,"column":29}},{"start":{"line":144,"column":33},"end":{"line":144,"column":68}}]},"22":{"line":150,"type":"if","locations":[{"start":{"line":150,"column":8},"end":{"line":150,"column":8}},{"start":{"line":150,"column":8},"end":{"line":150,"column":8}}]},"23":{"line":150,"type":"binary-expr","locations":[{"start":{"line":150,"column":12},"end":{"line":150,"column":29}},{"start":{"line":150,"column":33},"end":{"line":150,"column":66}}]},"24":{"line":156,"type":"if","locations":[{"start":{"line":156,"column":8},"end":{"line":156,"column":8}},{"start":{"line":156,"column":8},"end":{"line":156,"column":8}}]},"25":{"line":158,"type":"if","locations":[{"start":{"line":158,"column":15},"end":{"line":158,"column":15}},{"start":{"line":158,"column":15},"end":{"line":158,"column":15}}]},"26":{"line":160,"type":"if","locations":[{"start":{"line":160,"column":15},"end":{"line":160,"column":15}},{"start":{"line":160,"column":15},"end":{"line":160,"column":15}}]},"27":{"line":162,"type":"if","locations":[{"start":{"line":162,"column":15},"end":{"line":162,"column":15}},{"start":{"line":162,"column":15},"end":{"line":162,"column":15}}]},"28":{"line":164,"type":"if","locations":[{"start":{"line":164,"column":15},"end":{"line":164,"column":15}},{"start":{"line":164,"column":15},"end":{"line":164,"column":15}}]},"29":{"line":166,"type":"if","locations":[{"start":{"line":166,"column":15},"end":{"line":166,"column":15}},{"start":{"line":166,"column":15},"end":{"line":166,"column":15}}]},"30":{"line":168,"type":"if","locations":[{"start":{"line":168,"column":15},"end":{"line":168,"column":15}},{"start":{"line":168,"column":15},"end":{"line":168,"column":15}}]},"31":{"line":170,"type":"if","locations":[{"start":{"line":170,"column":15},"end":{"line":170,"column":15}},{"start":{"line":170,"column":15},"end":{"line":170,"column":15}}]},"32":{"line":172,"type":"if","locations":[{"start":{"line":172,"column":15},"end":{"line":172,"column":15}},{"start":{"line":172,"column":15},"end":{"line":172,"column":15}}]},"33":{"line":174,"type":"if","locations":[{"start":{"line":174,"column":15},"end":{"line":174,"column":15}},{"start":{"line":174,"column":15},"end":{"line":174,"column":15}}]},"34":{"line":176,"type":"if","locations":[{"start":{"line":176,"column":15},"end":{"line":176,"column":15}},{"start":{"line":176,"column":15},"end":{"line":176,"column":15}}]},"35":{"line":178,"type":"if","locations":[{"start":{"line":178,"column":15},"end":{"line":178,"column":15}},{"start":{"line":178,"column":15},"end":{"line":178,"column":15}}]},"36":{"line":178,"type":"binary-expr","locations":[{"start":{"line":178,"column":19},"end":{"line":178,"column":48}},{"start":{"line":178,"column":52},"end":{"line":178,"column":69}},{"start":{"line":178,"column":73},"end":{"line":178,"column":109}}]},"37":{"line":180,"type":"if","locations":[{"start":{"line":180,"column":15},"end":{"line":180,"column":15}},{"start":{"line":180,"column":15},"end":{"line":180,"column":15}}]},"38":{"line":180,"type":"binary-expr","locations":[{"start":{"line":180,"column":19},"end":{"line":180,"column":49}},{"start":{"line":180,"column":53},"end":{"line":180,"column":70}},{"start":{"line":180,"column":74},"end":{"line":180,"column":104}}]},"39":{"line":184,"type":"if","locations":[{"start":{"line":184,"column":8},"end":{"line":184,"column":8}},{"start":{"line":184,"column":8},"end":{"line":184,"column":8}}]}},"code":["'use strict';","","let Service;","let Characteristic;","const url = require('url');","const request = require('request');","const EventSource = require('eventsource');","","const communicationError = new Error('Can not communicate with Home Assistant.');","","let HomeAssistantBinarySensorFactory;","let HomeAssistantCoverFactory;","let HomeAssistantFan;","let HomeAssistantLight;","let HomeAssistantLock;","let HomeAssistantMediaPlayer;","let HomeAssistantSensorFactory;","let HomeAssistantSwitch;","let HomeAssistantDeviceTrackerFactory;","","function HomeAssistantPlatform(log, config, api) {","  // auth info","  this.host = config.host;","  this.password = config.password;","  this.supportedTypes = config.supported_types || ['binary_sensor', 'cover', 'device_tracker', 'fan', 'input_boolean', 'light', 'lock', 'media_player', 'scene', 'sensor', 'switch'];","  this.foundAccessories = [];","  this.logging = config.logging !== undefined ? config.logging : true;","","  this.log = log;","","  if (api) {","    // Save the API object as plugin needs to register new accessory via this object.","    this.api = api;","  }","","  const es = new EventSource(`${config.host}/api/stream?api_password=${encodeURIComponent(this.password)}`);","  es.addEventListener('message', (e) => {","    if (this.logging) {","      this.log(`Received event: ${e.data}`);","    }","    if (e.data === 'ping') {","      return;","    }","","    const data = JSON.parse(e.data);","    if (data.event_type !== 'state_changed') {","      return;","    }","","    const numAccessories = this.foundAccessories.length;","    for (let i = 0; i < numAccessories; i++) {","      const accessory = this.foundAccessories[i];","","      if (accessory.entity_id === data.data.entity_id && accessory.onEvent) {","        accessory.onEvent(data.data.old_state, data.data.new_state);","      }","    }","  });","}","","HomeAssistantPlatform.prototype = {","  request(method, path, options, callback) {","    const requestURL = `${this.host}/api${path}`;","    /* eslint-disable no-param-reassign */","    options = options || {};","    options.query = options.query || {};","    /* eslint-enable no-param-reassign */","","    const reqOpts = {","      url: url.parse(requestURL),","      method: method || 'GET',","      qs: options.query,","      body: JSON.stringify(options.body),","      headers: {","        Accept: 'application/json',","        'Content-Type': 'application/json',","        'x-ha-access': this.password,","      },","    };","","    request(reqOpts, (error, response, body) => {","      if (error) {","        callback(error, response);","        return;","      }","","      if (response.statusCode === 401) {","        callback(new Error('You are not authenticated'), response);","        return;","      }","","      callback(error, response, JSON.parse(body));","    });","  },","  fetchState(entityID, callback) {","    this.request('GET', `/states/${entityID}`, {}, (error, response, data) => {","      if (error) {","        callback(null);","      } else {","        callback(data);","      }","    });","  },","  callService(domain, service, serviceData, callback) {","    const options = {};","    options.body = serviceData;","","    this.request('POST', `/services/${domain}/${service}`, options, (error, response, data) => {","      if (error) {","        callback(null);","      } else {","        callback(data);","      }","    });","  },","  accessories(callback) {","    this.log('Fetching HomeAssistant devices.');","","    const that = this;","","    this.request('GET', '/states', {}, (error, response, data) => {","      if (error) {","        that.log(`Failed getting devices: ${error}. Retrying...`);","        setTimeout(() => { that.accessories(callback); }, 5000);","        return;","      }","","      for (let i = 0; i < data.length; i++) {","        const entity = data[i];","        const entityType = entity.entity_id.split('.')[0];","","        /* eslint-disable no-continue */","        // ignore devices that are not in the list of supported types","        if (that.supportedTypes.indexOf(entityType) === -1) {","          continue;","        }","","        // ignore hidden devices","        if (entity.attributes && entity.attributes.hidden) {","          continue;","        }","","        // ignore homebridge hidden devices","        if (entity.attributes && entity.attributes.homebridge_hidden) {","          continue;","        }","        /* eslint-enable no-continue */","","        // support providing custom names","        if (entity.attributes && entity.attributes.homebridge_name) {","          entity.attributes.friendly_name = entity.attributes.homebridge_name;","        }","","        let accessory = null;","","        if (entityType === 'light') {","          accessory = new HomeAssistantLight(that.log, entity, that);","        } else if (entityType === 'switch') {","          accessory = new HomeAssistantSwitch(that.log, entity, that);","        } else if (entityType === 'lock') {","          accessory = new HomeAssistantLock(that.log, entity, that);","        } else if (entityType === 'garage_door') {","          that.log.error('Garage_doors are no longer supported by homebridge-homeassistant. Please upgrade to a newer version of Home Assistant to continue using this entity (with the new cover component).');","        } else if (entityType === 'scene') {","          accessory = new HomeAssistantSwitch(that.log, entity, that, 'scene');","        } else if (entityType === 'rollershutter') {","          that.log.error('Rollershutters are no longer supported by homebridge-homeassistant. Please upgrade to a newer version of Home Assistant to continue using this entity (with the new cover component).');","        } else if (entityType === 'input_boolean') {","          accessory = new HomeAssistantSwitch(that.log, entity, that, 'input_boolean');","        } else if (entityType === 'fan') {","          accessory = new HomeAssistantFan(that.log, entity, that);","        } else if (entityType === 'cover') {","          accessory = HomeAssistantCoverFactory(that.log, entity, that);","        } else if (entityType === 'sensor') {","          accessory = HomeAssistantSensorFactory(that.log, entity, that);","        } else if (entityType === 'device_tracker') {","          accessory = HomeAssistantDeviceTrackerFactory(that.log, entity, that);","        } else if (entityType === 'media_player' && entity.attributes && entity.attributes.supported_features) {","          accessory = new HomeAssistantMediaPlayer(that.log, entity, that);","        } else if (entityType === 'binary_sensor' && entity.attributes && entity.attributes.device_class) {","          accessory = HomeAssistantBinarySensorFactory(that.log, entity, that);","        }","","        if (accessory) {","          that.foundAccessories.push(accessory);","        }","      }","","      callback(that.foundAccessories);","    });","  },","};","","function HomebridgeHomeAssistant(homebridge) {","  Service = homebridge.hap.Service;","  Characteristic = homebridge.hap.Characteristic;","","  /* eslint-disable global-require */","  HomeAssistantLight = require('./accessories/light')(Service, Characteristic, communicationError);","  HomeAssistantSwitch = require('./accessories/switch')(Service, Characteristic, communicationError);","  HomeAssistantLock = require('./accessories/lock')(Service, Characteristic, communicationError);","  HomeAssistantMediaPlayer = require('./accessories/media_player')(Service, Characteristic, communicationError);","  HomeAssistantFan = require('./accessories/fan')(Service, Characteristic, communicationError);","  HomeAssistantCoverFactory = require('./accessories/cover')(Service, Characteristic, communicationError);","  HomeAssistantSensorFactory = require('./accessories/sensor')(Service, Characteristic, communicationError);","  HomeAssistantBinarySensorFactory = require('./accessories/binary_sensor')(Service, Characteristic, communicationError);","  HomeAssistantDeviceTrackerFactory = require('./accessories/device_tracker')(Service, Characteristic, communicationError);","  /* eslint-enable global-require */","","  homebridge.registerPlatform('homebridge-homeassistant', 'HomeAssistant', HomeAssistantPlatform, false);","}","","module.exports = HomebridgeHomeAssistant;","","module.exports.platform = HomeAssistantPlatform;",""],"l":{"3":1,"4":1,"5":1,"6":1,"7":1,"9":1,"11":1,"12":1,"13":1,"14":1,"15":1,"16":1,"17":1,"18":1,"19":1,"21":1,"23":0,"24":0,"25":0,"26":0,"27":0,"29":0,"31":0,"33":0,"36":0,"37":0,"38":0,"39":0,"41":0,"42":0,"45":0,"46":0,"47":0,"50":0,"51":0,"52":0,"54":0,"55":0,"61":1,"63":0,"65":0,"66":0,"69":0,"81":0,"82":0,"83":0,"84":0,"87":0,"88":0,"89":0,"92":0,"96":0,"97":0,"98":0,"100":0,"105":0,"106":0,"108":0,"109":0,"110":0,"112":0,"117":0,"119":0,"121":0,"122":0,"123":0,"124":0,"125":0,"128":0,"129":0,"130":0,"134":0,"135":0,"139":0,"140":0,"144":0,"145":0,"150":0,"151":0,"154":0,"156":0,"157":0,"158":0,"159":0,"160":0,"161":0,"162":0,"163":0,"164":0,"165":0,"166":0,"167":0,"168":0,"169":0,"170":0,"171":0,"172":0,"173":0,"174":0,"175":0,"176":0,"177":0,"178":0,"179":0,"180":0,"181":0,"184":0,"185":0,"189":0,"194":1,"195":0,"196":0,"199":0,"200":0,"201":0,"202":0,"203":0,"204":0,"205":0,"206":0,"207":0,"210":0,"213":1,"215":1}},"/home/travis/build/npmtest/node-npmtest-homebridge-homeassistant/node_modules/homebridge-homeassistant/accessories/binary_sensor.js":{"path":"/home/travis/build/npmtest/node-npmtest-homebridge-homeassistant/node_modules/homebridge-homeassistant/accessories/binary_sensor.js","s":{"1":1,"2":1,"3":1,"4":1,"5":0,"6":0,"7":0,"8":0,"9":0,"10":0,"11":0,"12":0,"13":0,"14":0,"15":0,"16":0,"17":0,"18":0,"19":0,"20":0,"21":0,"22":0,"23":0,"24":0,"25":0,"26":0,"27":0,"28":0,"29":0,"30":0,"31":0,"32":0,"33":1,"34":0,"35":0,"36":0,"37":0,"38":0,"39":0,"40":0,"41":0,"42":0,"43":0,"44":1,"45":0,"46":0,"47":0,"48":0,"49":1,"50":1},"b":{"1":[0,0],"2":[0,0],"3":[0,0],"4":[0,0],"5":[0,0],"6":[0,0],"7":[0,0],"8":[0,0,0,0,0,0]},"f":{"1":0,"2":0,"3":0,"4":0,"5":0,"6":0,"7":0,"8":0},"fnMap":{"1":{"name":"toTitleCase","line":7,"loc":{"start":{"line":7,"column":0},"end":{"line":7,"column":26}}},"2":{"name":"(anonymous_2)","line":12,"loc":{"start":{"line":12,"column":13},"end":{"line":12,"column":77}}},"3":{"name":"(anonymous_3)","line":34,"loc":{"start":{"line":34,"column":9},"end":{"line":34,"column":30}}},"4":{"name":"(anonymous_4)","line":38,"loc":{"start":{"line":38,"column":10},"end":{"line":38,"column":21}}},"5":{"name":"(anonymous_5)","line":42,"loc":{"start":{"line":42,"column":10},"end":{"line":42,"column":21}}},"6":{"name":"(anonymous_6)","line":52,"loc":{"start":{"line":52,"column":13},"end":{"line":52,"column":16}}},"7":{"name":"HomeAssistantBinarySensorFactory","line":69,"loc":{"start":{"line":69,"column":0},"end":{"line":69,"column":61}}},"8":{"name":"HomeAssistantBinarySensorPlatform","line":112,"loc":{"start":{"line":112,"column":0},"end":{"line":112,"column":91}}}},"statementMap":{"1":{"start":{"line":3,"column":0},"end":{"line":3,"column":12}},"2":{"start":{"line":4,"column":0},"end":{"line":4,"column":19}},"3":{"start":{"line":5,"column":0},"end":{"line":5,"column":23}},"4":{"start":{"line":7,"column":0},"end":{"line":9,"column":1}},"5":{"start":{"line":8,"column":2},"end":{"line":8,"column":97}},"6":{"start":{"line":8,"column":38},"end":{"line":8,"column":95}},"7":{"start":{"line":14,"column":4},"end":{"line":14,"column":21}},"8":{"start":{"line":15,"column":4},"end":{"line":15,"column":36}},"9":{"start":{"line":16,"column":4},"end":{"line":16,"column":36}},"10":{"start":{"line":17,"column":4},"end":{"line":21,"column":5}},"11":{"start":{"line":18,"column":6},"end":{"line":18,"column":48}},"12":{"start":{"line":20,"column":6},"end":{"line":20,"column":69}},"13":{"start":{"line":23,"column":4},"end":{"line":23,"column":52}},"14":{"start":{"line":25,"column":4},"end":{"line":25,"column":25}},"15":{"start":{"line":26,"column":4},"end":{"line":26,"column":19}},"16":{"start":{"line":28,"column":4},"end":{"line":28,"column":27}},"17":{"start":{"line":29,"column":4},"end":{"line":29,"column":41}},"18":{"start":{"line":30,"column":4},"end":{"line":30,"column":27}},"19":{"start":{"line":31,"column":4},"end":{"line":31,"column":29}},"20":{"start":{"line":35,"column":4},"end":{"line":36,"column":92}},"21":{"start":{"line":39,"column":4},"end":{"line":39,"column":42}},"22":{"start":{"line":40,"column":4},"end":{"line":40,"column":15}},"23":{"start":{"line":43,"column":4},"end":{"line":43,"col
[...]
"line":13,"column":4},"end":{"line":13,"column":4}}]},"2":{"line":13,"type":"binary-expr","locations":[{"start":{"line":13,"column":8},"end":{"line":13,"column":23}},{"start":{"line":13,"column":27},"end":{"line":13,"column":56}}]},"3":{"line":26,"type":"if","locations":[{"start":{"line":26,"column":4},"end":{"line":26,"column":4}},{"start":{"line":26,"column":4},"end":{"line":26,"column":4}}]},"4":{"line":36,"type":"if","locations":[{"start":{"line":36,"column":4},"end":{"line":36,"column":4}},{"start":{"line":36,"column":4},"end":{"line":36,"column":4}}]},"5":{"line":43,"type":"cond-expr","locations":[{"start":{"line":43,"column":45},"end":{"line":43,"column":53}},{"start":{"line":43,"column":56},"end":{"line":43,"column":62}}]},"6":{"line":60,"type":"if","locations":[{"start":{"line":60,"column":6},"end":{"line":60,"column":6}},{"start":{"line":60,"column":6},"end":{"line":60,"column":6}}]},"7":{"line":87,"type":"if","locations":[{"start":{"line":87,"column":2},"end":{"line":87,"column":2}},{"start":{"line":87,"column":2},"end":{"line":87,"column":2}}]},"8":{"line":93,"type":"if","locations":[{"start":{"line":93,"column":2},"end":{"line":93,"column":2}},{"start":{"line":93,"column":2},"end":{"line":93,"column":2}}]},"9":{"line":93,"type":"binary-expr","locations":[{"start":{"line":93,"column":6},"end":{"line":93,"column":50}},{"start":{"line":93,"column":54},"end":{"line":93,"column":98}}]},"10":{"line":99,"type":"if","locations":[{"start":{"line":99,"column":6},"end":{"line":99,"column":6}},{"start":{"line":99,"column":6},"end":{"line":99,"column":6}}]},"11":{"line":104,"type":"if","locations":[{"start":{"line":104,"column":9},"end":{"line":104,"column":9}},{"start":{"line":104,"column":9},"end":{"line":104,"column":9}}]},"12":{"line":104,"type":"binary-expr","locations":[{"start":{"line":104,"column":13},"end":{"line":104,"column":56}},{"start":{"line":104,"column":61},"end":{"line":104,"column":96}},{"start":{"line":104,"column":100},"end":{"line":104,"column":153}}]},"13":{"line":107,"type":"if","locations":[{"start":{"line":107,"column":9},"end":{"line":107,"column":9}},{"start":{"line":107,"column":9},"end":{"line":107,"column":9}}]},"14":{"line":113,"type":"if","locations":[{"start":{"line":113,"column":9},"end":{"line":113,"column":9}},{"start":{"line":113,"column":9},"end":{"line":113,"column":9}}]},"15":{"line":113,"type":"binary-expr","locations":[{"start":{"line":113,"column":13},"end":{"line":113,"column":58}},{"start":{"line":113,"column":63},"end":{"line":113,"column":93}},{"start":{"line":113,"column":97},"end":{"line":113,"column":145}}]}},"code":["'use strict';","","let Service;","let Characteristic;","let communicationError;","","class HomeAssistantSensor {","  constructor(log, data, client, service, characteristic, transformData) {","    // device info","    this.data = data;","    this.entity_id = data.entity_id;","    this.uuid_base = data.entity_id;","    if (data.attributes && data.attributes.friendly_name) {","      this.name = data.attributes.friendly_name;","    } else {","      this.name = data.entity_id.split('.').pop().replace(/_/g, ' ');","    }","","    this.entity_type = data.entity_id.split('.')[0];","","    this.client = client;","    this.log = log;","","    this.service = service;","    this.characteristic = characteristic;","    if (transformData) {","      this.transformData = transformData;","    }","  }","","  transformData(data) {","    return parseFloat(data.state);","  }","","  onEvent(oldState, newState) {","    if (this.service === Service.CarbonDioxideSensor) {","      const transformed = this.transformData(newState);","      this.sensorService.getCharacteristic(this.characteristic)","          .setValue(transformed, null, 'internal');","","      const abnormal = Characteristic.CarbonDioxideDetected.CO2_LEVELS_ABNORMAL;","      const normal = Characteristic.CarbonDioxideDetected.CO2_LEVELS_NORMAL;","      const detected = (transformed > 1000 ? abnormal : normal);","      this.sensorService.getCharacteristic(Characteristic.CarbonDioxideDetected)","          .setValue(detected, null, 'internal');","    } else {","      this.sensorService.getCharacteristic(this.characteristic)","          .setValue(this.transformData(newState), null, 'internal');","    }","  }","","  identify(callback) {","    this.log(`identifying: ${this.name}`);","    callback();","  }","","  getState(callback) {","    this.log(`fetching state for: ${this.name}`);","    this.client.fetchState(this.entity_id, (data) => {","      if (data) {","        callback(null, this.transformData(data));","      } else {","        callback(communicationError);","      }","    });","  }","","  getServices() {","    this.sensorService = new this.service(); // eslint-disable-line new-cap","    const informationService = new Service.AccessoryInformation();","","    informationService","          .setCharacteristic(Characteristic.Manufacturer, 'Home Assistant')","          .setCharacteristic(Characteristic.Model, 'Sensor')","          .setCharacteristic(Characteristic.SerialNumber, this.entity_id);","","    this.sensorService","        .getCharacteristic(this.characteristic)","        .setProps({ minValue: -50 })","        .on('get', this.getState.bind(this));","","    return [informationService, this.sensorService];","  }","}","","function HomeAssistantSensorFactory(log, data, client) {","  if (!data.attributes) {","    return null;","  }","  let service;","  let characteristic;","  let transformData;","  if (data.attributes.unit_of_measurement === '°C' || data.attributes.unit_of_measurement === '°F') {","    service = Service.TemperatureSensor;","    characteristic = Characteristic.CurrentTemperature;","    transformData = function transformData(dataToTransform) { // eslint-disable-line no-shadow","      let value = parseFloat(dataToTransform.state);","      // HomeKit only works with Celsius internally","      if (dataToTransform.attributes.unit_of_measurement === '°F') {","        value = (value - 32) / 1.8;","      }","      return value;","    };","  } else if (data.attributes.unit_of_measurement === '%' && (data.entity_id.includes('humidity') || data.attributes.homebridge_sensor_type === 'humidity')) {","    service = Service.HumiditySensor;","    characteristic = Characteristic.CurrentRelativeHumidity;","  } else if (data.attributes.unit_of_measurement === 'lux') {","    service = Service.LightSensor;","    characteristic = Characteristic.CurrentAmbientLightLevel;","    transformData = function transformData(dataToTransform) { // eslint-disable-line no-shadow","      return Math.max(0.0001, parseFloat(dataToTransform.state));","    };","  } else if (data.attributes.unit_of_measurement === 'ppm' && (data.entity_id.includes('co2') || data.attributes.homebridge_sensor_type === 'co2')) {","    service = Service.CarbonDioxideSensor;","    characteristic = Characteristic.CarbonDioxideLevel;","  } else {","    return null;","  }","","  return new HomeAssistantSensor(log, data, client, service, characteristic, transformData);","}","","function HomeAssistantSensorPlatform(oService, oCharacteristic, oCommunicationError) {","  Service = oService;","  Characteristic = oCharacteristic;","  communicationError = oCommunicationError;","","  return HomeAssistantSensorFactory;","}","","module.exports = HomeAssistantSensorPlatform;","","module.exports.HomeAssistantSensorFactory = HomeAssistantSensorFactory;",""],"l":{"3":1,"4":1,"5":1,"10":0,"11":0,"12":0,"13":0,"14":0,"16":0,"19":0,"21":0,"22":0,"24":0,"25":0,"26":0,"27":0,"32":0,"36":0,"37":0,"38":0,"41":0,"42":0,"43":0,"44":0,"47":0,"53":0,"54":0,"58":0,"59":0,"60":0,"61":0,"63":0,"69":0,"70":0,"72":0,"77":0,"82":0,"86":1,"87":0,"88":0,"90":0,"91":0,"92":0,"93":0,"94":0,"95":0,"96":0,"97":0,"99":0,"100":0,"102":0,"104":0,"105":0,"106":0,"107":0,"108":0,"109":0,"110":0,"111":0,"113":0,"114":0,"115":0,"117":0,"120":0,"123":1,"124":0,"125":0,"126":0,"128":0,"131":1,"133":1}},"/home/travis/build/npmtest/node-npmtest-homebridge-homeassistant/node_modules/homebridge-homeassistant/accessories/switch.js":{"path":"/home/travis/build/npmtest/node-npmtest-homebridge-homeassistant/node_modules/homebridge-homeassistant/accessories/switch.js","s":{"1":1,"2":1,"3":1,"4":1,"5":0,"6":0,"7":0,"8":0,"9":0,"10":0,"11":0,"12":0,"13":0,"14":1,"15":0,"16":0,"17":0,"18":0,"19":0,"20":0,"21":0,"22":0,"23":0,"24":0,"25":0,"26":0,"27":0,"28":0,"29":0,"30":0,"31":0,"32":0,"33":0,"34":0,"35":0,"36":0,"37":0,"38":0,"39":0,"40":0,"41":0,"42":0,"43":0,"44":0,"45":0,"46":0,"47":0,"48":0,"49":0,"50":0,"51":0,"52":0,"53":0,"54":0,"55":0,"56":1,"57":0,"58":0,"59":0,"60":0,"61":1,"62":1},"b":{"1":[0,0],"2":[0,0],"3":[0,0],"4":[0,0],"5":[0,0],"6":[0,0],"7":[0,0],"8":[0,0],"9":[0,0],"10":[0,0,0],"11":[0,0],"12":[0,0]},"f":{"1":0,"2":0,"3":0,"4":0,"5":0,"6":0},"fnMap":{"1":{"name":"HomeAssistantSwitch","line":7,"loc":{"start":{"line":7,"column":0},"end":{"line":7,"column":54}}},"2":{"name":"(anonymous_2)","line":24,"loc":{"start":{"line":24,"column":9},"end":{"line":24,"column":30}}},"3":{"name":"(anonymous_3)","line":28,"loc":{"start":{"line":28,"column":15},"end":{"line":28,"column":26}}},"4":{"name":"(anonymous_4)","line":38,"loc":{"start":{"line":38,"column":15},"end":{"line":38,"column":44}}},"5":{"name":"(anonymous_5)","line":76,"loc":{"start":{"line":76,"column":13},"end":{"line":76,"column":16}}},"6":{"name":"HomeAssistantSwitchPlatform","line":113,"loc":{"start":{"line":113,"column":0},"end":{"line":113,"column":85}}}},"statementMap":{"1":{"start":{"line":3,"column":0},"end":{"line":3,"column":12}},"2":{"start":{"line":4,"column":0},"end":{"line":4,"column":19}},"3":{"start":{"line":5,"column":0},"end":{"line":5,"column":23}},"4":{"start":{"line":7,"column":0},"end":{"line":21,"column":1}},"5":{"start":{"line":9,"column":2},"end":{"line":9,"column":33}},"6":{"start":{"line":10,"column":2},"end":{"line":10,"column":19}},"7":{"start":{"line":11,"column":2},"end":{"line":11,"column":34}},"8":{"start":{"line":12,"column":2},"end":{"line":12,"column":34}},"9":{"start":{"line":13,"column":2},"end":{"line":17,"column":3}},"10":{"start":{"line":14,"column":4},"end":{"line":14,"column":46}},"11":{"start":{"line":16,"column":4},"end":{"line":16,"column":67}},"12":{"start":{"line":19,"column":2},"end":{"line":19,"column":23}},"13":{"start":{"line":20,"column":2},"end":{"line":20,"column":17}},"14":{"start":{"line":23,"column":0},"end":{"line":111,"column":2}},"15":{"start":{"line":25,"column":4},"end":{"line":26,"column":61}},"16":{"start":{"line":29,"column":4},"end":{"line":36,"column":7}},"17":{"start":{"line":30,"column":6},"end":{"line":35,"column":7}},"18":{"start":{"line":31,"column":8},"end":{"line":31,"column":47}},"19":{"start":{"line":32,"column":8},"end":{"line":32,"column":35}},"20":{"start":{"line":34,"column":8},"end":{"line":34,"column":37}},"21":{"start":{"line":39,"column":4},"end":{"line":42,"column":5}},"22":{"start":{"line":40,"column":6},"end":{"line":40,"column":17}},"23":{"start":{"line":41,"column":6},"end":{"line":41,"column":13}},"24":{"start":{"line":44,"column":4},"end":{"line":44,"column":22}},"25":{"start":{"line":45,"column":4},"end":{"line":45,"column":27}},"26":{"start":{"line":46,"column":4},"end":{"line":46,"column":43}},"27":{"start":{"line":48,"column":4},"end":{"line":74,"column":5}},"28":{"start":{"line":49,"column":6},"end":{"line":49,"column":66}},"29":{"start":{"line":51,"column":6},"end":{"line":62,"column":9}},"30":{"start":{"line":52,"column":8},"end":{"line":55,"column":9}},"31":{"start":{"line":53,"column":10},"end":{"line":54,"column":49}},"32":{"start":{"line":56,"column":8},"end":{"line":61,"column":9}},"33":{"start":{"line":57,"column":10},"end":{"line":57,"column":79}},"34":{"start":{"line":58,"column":10},"end":{"line":58,"column":21}},"35":{"start":{"line":60,"column":10},"end":{"line":60,"column":39}},"36":{"start":{"line":64,"column":6},"end":{"line":64,"column":67}},"37":{"start":{"line":66,"column":6},"end":{"line":73,"column":9}},"38":{"start":{"line":67,"column":8},"end":{"line":72,"column":9}},"39":{"start":{"line":68,"column":10},"end":{"line":68,"column":80}},"40":{"start":{"line":69,"column":10},"end":{"line":69,"column":21}},"41":{"start":{"line":71,"column":10},"end":{"line":71,"column":39}},"42":{"start":{"line":77,"column":4},"end":{"line":77,"column":46}},"43":{"start":{"line":78,"column":4},"end":{"line":78,"column":66}},"44":{"start":{"line":79,"column":4},"end":{"line":79,"column":14}},"45":{"start":{"line":81,"column":4},"end":{"line":90,"column":5}},"46":{"start":{"line":83,"column":8},"end":{"line":83,"column":24}},"47":{"start":{"line":84,"column":8},"end":{"line":84,"column":14}},"48":{"start":{"line":86,"column":8},"end":{"line":86,"column":32}},"49":{"start":{"line":87,"column":8},"end":{"line":87,"column":14}},"50":{"start":{"line":89,"column":8},"end":{"line":89,"column":25}},"51":{"start":{"line":92,"column":4},"end":{"line":95,"column":74}},"52":{"start":{"line":97,"column":4},"end":{"line":106,"column":5}},"53":{"start":{"line":98,"column":6},"end":{"line":101,"column":52}},"54":{"start":{"line":103,"column":6},"end":{"line":105,"column":52}},"55":{"start":{"line":108,"column":4},"end":{"line":108,"column":52}},"56":{"start":{"line":113,"column":0},"end":{"line":119,"column":1}},"57":{"start":{"line":114,"column":2},"end":{"line":114,"column":21}},"58":{"start":{"line":115,"column":2},"end":{"line":115,"column":35}},"59":{"start":{"line":116,"column":2},"end":{"line":116,"column":43}},"60":{"start":{"line":118,"column":2},"end":{"line":118,"column":29}},"61":{"start":{"line":121,"column":0},"end":{"line":121,"column":45}},"62":{"start":{"line":122,"column":0},"end":{"line":122,"column":57}}},"branchMap":{"1":{"line":9,"type":"binary-expr","locations":[{"start":{"line":9,"column":16},"end":{"line":9,"column":20}},{"start":{"line":9,"column":24},"end":{"line":9,"column":32}}]},"2":{"line":13,"type":"if","locations":[{"start":{"line":13,"column":2},"end":{"line":13,"column":2}},{"start":{"line":13,"column":2},"end":{"line":13,"column":2}}]},"3":{"line":13,"type":"binary-expr","locations":[{"start":{"line":13,"column":6},"end":{"line":13,"column":21}},{"start":{"line":13,"column":25},"end":{"line":13,"column":54}}]},"4":{"line":30,"type":"if","locations":[{"start":{"line":30,"column":6},"end":{"line":30,"column":6}},{"start":{"line":30,"column":6},"end":{"line":30,"column":6}}]},"5":{"line":39,"type":"if","locations":[{"start":{"line":39,"column":4},"end":{"line":39,"column":4}},{"start":{"line":39,"column":4},"end":{"line":39,"column":4}}]},"6":{"line":48,"type":"if","locations":[{"start":{"line":48,"column":4},"end":{"line":48,"column":4}},{"start":{"line":48,"column":4},"end":{"line":48,"column":4}}]},"7":{"line":52,"type":"if","locations":[{"start":{"line":52,"column":8},"end":{"line":52,"column":8}},{"start":{"line":52,"column":8},"end":{"line":52,"column":8}}]},"8":{"line":56,"type":"if","locations":[{"start":{"line":56,"column":8},"end":{"line":56,"column":8}},{"start":{"line":56,"column":8},"end":{"line":56,"column":8}}]},"9":{"line":67,"type":"if","locations":[{"start":{"line":67,"column":8},"end":{"line":67,"column":8}},{"start":{"line":67,"column":8},"end":{"line":67,"column":8}}]},"10":{"line":81,"type":"switch","locations":[{"start":{"line":82,"column":6},"end":{"line":84,"column":14}},{"start":{"line":85,"column":6},"end":{"line":87,"column":14}},{"start":{"line":88,"column":6},"end":{"line":89,"column":25}}]},"11":{"line":97,"type":"if","locations":[{"start":{"line":97,"column":4},"end":{"line":97,"column":4}},{"start":{"line":97,"column":4},"end":{"line":97,"column":4}}]},"12":{"line":97,"type":"binary-expr","locations":[{"start":{"line":97,"column":8},"end":{"line":97,"column":32}},{"start":{"line":97,"column":36},"end":{"line":97,"column":67}}]}},"code":["'use strict';","","let Service;","let Characteristic;","let communicationError;","","function HomeAssistantSwitch(log, data, client, type) {","  // device info","  this.domain = type || 'switch';","  this.data = data;","  this.entity_id = data.entity_id;","  this.uuid_base = data.entity_id;","  if (data.attributes && data.attributes.friendly_name) {","    this.name = data.attributes.friendly_name;","  } else {","    this.name = data.entity_id.split('.').pop().replace(/_/g, ' ');","  }","","  this.client = client;","  this.log = log;","}","","HomeAssistantSwitch.prototype = {","  onEvent(oldState, newState) {","    this.switchService.getCharacteristic(Characteristic.On)","        .setValue(newState.state === 'on', null, 'internal');","  },","  getPowerState(callback) {","    this.client.fetchState(this.entity_id, (data) => {","      if (data) {","        const powerState = data.state === 'on';","        callback(null, powerState);","      } else {","        callback(communicationError);","      }","    });","  },","  setPowerState(powerOn, callback, context) {","    if (context === 'internal') {","      callback();","      return;","    }","","    const that = this;","    const serviceData = {};","    serviceData.entity_id = this.entity_id;","","    if (powerOn) {","      this.log(`Setting power state on the '${this.name}' to on`);","","      this.client.callService(this.domain, 'turn_on', serviceData, (data) => {","        if (this.domain === 'scene') {","          this.switchService.getCharacteristic(Characteristic.On)","              .setValue('off', null, 'internal');","        }","        if (data) {","          that.log(`Successfully set power state on the '${that.name}' to on`);","          callback();","        } else {","          callback(communicationError);","        }","      });","    } else {","      this.log(`Setting power state on the '${this.name}' to off`);","","      this.client.callService(this.domain, 'turn_off', serviceData, (data) => {","        if (data) {","          that.log(`Successfully set power state on the '${that.name}' to off`);","          callback();","        } else {","          callback(communicationError);","        }","      });","    }","  },","  getServices() {","    this.switchService = new Service.Switch();","    const informationService = new Service.AccessoryInformation();","    let model;","","    switch (this.domain) {","      case 'scene':","        model = 'Scene';","        break;","      case 'input_boolean':","        model = 'Input boolean';","        break;","      default:","        model = 'Switch';","    }","","    informationService","          .setCharacteristic(Characteristic.Manufacturer, 'Home Assistant')","          .setCharacteristic(Characteristic.Model, model)","          .setCharacteristic(Characteristic.SerialNumber, this.entity_id);","","    if (this.domain === 'switch' || this.domain === 'input_boolean') {","      this.switchService","          .getCharacteristic(Characteristic.On)","          .on('get', this.getPowerState.bind(this))","          .on('set', this.setPowerState.bind(this));","    } else {","      this.switchService","          .getCharacteristic(Characteristic.On)","          .on('set', this.setPowerState.bind(this));","    }","","    return [informationService, this.switchService];","  },","","};","","function HomeAssistantSwitchPlatform(oService, oCharacteristic, oCommunicationError) {","  Service = oService;","  Characteristic = oCharacteristic;","  communicationError = oCommunicationError;","","  return HomeAssistantSwitch;","}","","module.exports = HomeAssistantSwitchPlatform;","module.exports.HomeAssistantSwitch = HomeAssistantSwitch;",""],"l":{"3":1,"4":1,"5":1,"7":1,"9":0,"10":0,"11":0,"12":0,"13":0,"14":0,"16":0,"19":0,"20":0,"23":1,"25":0,"29":0,"30":0,"31":0,"32":0,"34":0,"39":0,"40":0,"41":0,"44":0,"45":0,"46":0,"48":0,"49":0,"51":0,"52":0,"53":0,"56":0,"57":0,"58":0,"60":0,"64":0,"66":0,"67":0,"68":0,"69":0,"71":0,"77":0,"78":0,"79":0,"81":0,"83":0,"84":0,"86":0,"87":0,"89":0,"92":0,"97":0,"98":0,"103":0,"108":0,"113":1,"114":0,"115":0,"116":0,"118":0,"121":1,"122":1}}}